2023-08-12 17:56:56,476	[INFO]	(client.py:159)_bot_login	[botpy] 登录机器人账号中...
2023-08-12 17:56:58,777	[INFO]	(client.py:178)_bot_init	[botpy] 程序启动...
2023-08-12 17:56:58,778	[INFO]	(connection.py:59)multi_run	[botpy] 最大并发连接数: 1, 启动会话数: 1
2023-08-12 17:56:58,778	[INFO]	(client.py:236)bot_connect	[botpy] 会话启动中...
2023-08-12 17:56:58,779	[INFO]	(gateway.py:110)ws_connect	[botpy] 启动中...
2023-08-12 17:56:58,864	[INFO]	(gateway.py:136)ws_identify	[botpy] 鉴权中...
2023-08-12 17:56:58,972	[INFO]	(gateway.py:80)on_message	[botpy] 机器人「诗雅机器人-测试中」启动成功！
2023-08-12 17:56:58,973	[INFO]	(gateway.py:217)_send_heart	[botpy] 心跳维持启动...
2023-08-12 17:58:23,849	[INFO]	(client.py:159)_bot_login	[botpy] 登录机器人账号中...
2023-08-12 17:58:24,142	[INFO]	(client.py:178)_bot_init	[botpy] 程序启动...
2023-08-12 17:58:24,143	[INFO]	(connection.py:59)multi_run	[botpy] 最大并发连接数: 1, 启动会话数: 1
2023-08-12 17:58:24,144	[INFO]	(client.py:236)bot_connect	[botpy] 会话启动中...
2023-08-12 17:58:24,145	[INFO]	(gateway.py:110)ws_connect	[botpy] 启动中...
2023-08-12 17:58:24,232	[INFO]	(gateway.py:136)ws_identify	[botpy] 鉴权中...
2023-08-12 17:58:24,314	[INFO]	(gateway.py:80)on_message	[botpy] 机器人「诗雅机器人-测试中」启动成功！
2023-08-12 17:58:24,315	[INFO]	(gateway.py:217)_send_heart	[botpy] 心跳维持启动...
2023-08-12 18:05:10,191	[INFO]	(client.py:159)_bot_login	[botpy] 登录机器人账号中...
2023-08-12 18:05:11,575	[INFO]	(client.py:178)_bot_init	[botpy] 程序启动...
2023-08-12 18:05:11,576	[INFO]	(connection.py:59)multi_run	[botpy] 最大并发连接数: 1, 启动会话数: 1
2023-08-12 18:05:11,577	[INFO]	(client.py:236)bot_connect	[botpy] 会话启动中...
2023-08-12 18:05:11,578	[INFO]	(gateway.py:110)ws_connect	[botpy] 启动中...
2023-08-12 18:05:11,657	[INFO]	(gateway.py:136)ws_identify	[botpy] 鉴权中...
2023-08-12 18:05:11,763	[INFO]	(gateway.py:80)on_message	[botpy] 机器人「诗雅机器人-测试中」启动成功！
2023-08-12 18:05:11,764	[INFO]	(gateway.py:217)_send_heart	[botpy] 心跳维持启动...
2023-08-12 18:06:46,530	[INFO]	(client.py:159)_bot_login	[botpy] 登录机器人账号中...
2023-08-12 18:06:46,828	[INFO]	(client.py:178)_bot_init	[botpy] 程序启动...
2023-08-12 18:06:46,828	[INFO]	(connection.py:59)multi_run	[botpy] 最大并发连接数: 1, 启动会话数: 1
2023-08-12 18:06:46,829	[INFO]	(client.py:236)bot_connect	[botpy] 会话启动中...
2023-08-12 18:06:46,829	[INFO]	(gateway.py:110)ws_connect	[botpy] 启动中...
2023-08-12 18:06:46,917	[INFO]	(gateway.py:136)ws_identify	[botpy] 鉴权中...
2023-08-12 18:06:47,007	[INFO]	(gateway.py:80)on_message	[botpy] 机器人「诗雅机器人-测试中」启动成功！
2023-08-12 18:06:47,008	[INFO]	(gateway.py:217)_send_heart	[botpy] 心跳维持启动...
2023-08-12 18:08:08,306	[INFO]	(client.py:159)_bot_login	[botpy] 登录机器人账号中...
2023-08-12 18:08:08,582	[INFO]	(client.py:178)_bot_init	[botpy] 程序启动...
2023-08-12 18:08:08,582	[INFO]	(connection.py:59)multi_run	[botpy] 最大并发连接数: 1, 启动会话数: 1
2023-08-12 18:08:08,582	[INFO]	(client.py:236)bot_connect	[botpy] 会话启动中...
2023-08-12 18:08:08,583	[INFO]	(gateway.py:110)ws_connect	[botpy] 启动中...
2023-08-12 18:08:08,673	[INFO]	(gateway.py:136)ws_identify	[botpy] 鉴权中...
2023-08-12 18:08:08,785	[INFO]	(gateway.py:80)on_message	[botpy] 机器人「诗雅机器人-测试中」启动成功！
2023-08-12 18:08:08,786	[INFO]	(gateway.py:217)_send_heart	[botpy] 心跳维持启动...
2023-08-12 18:10:15,777	[INFO]	(client.py:159)_bot_login	[botpy] 登录机器人账号中...
2023-08-12 18:10:16,149	[INFO]	(client.py:178)_bot_init	[botpy] 程序启动...
2023-08-12 18:10:16,149	[INFO]	(connection.py:59)multi_run	[botpy] 最大并发连接数: 1, 启动会话数: 1
2023-08-12 18:10:16,150	[INFO]	(client.py:236)bot_connect	[botpy] 会话启动中...
2023-08-12 18:10:16,150	[INFO]	(gateway.py:110)ws_connect	[botpy] 启动中...
2023-08-12 18:10:16,236	[INFO]	(gateway.py:136)ws_identify	[botpy] 鉴权中...
2023-08-12 18:10:16,319	[INFO]	(gateway.py:80)on_message	[botpy] 机器人「诗雅机器人-测试中」启动成功！
2023-08-12 18:10:16,320	[INFO]	(gateway.py:217)_send_heart	[botpy] 心跳维持启动...
2023-08-12 18:11:35,243	[INFO]	(client.py:159)_bot_login	[botpy] 登录机器人账号中...
2023-08-12 18:11:35,552	[INFO]	(client.py:178)_bot_init	[botpy] 程序启动...
2023-08-12 18:11:35,553	[INFO]	(connection.py:59)multi_run	[botpy] 最大并发连接数: 1, 启动会话数: 1
2023-08-12 18:11:35,553	[INFO]	(client.py:236)bot_connect	[botpy] 会话启动中...
2023-08-12 18:11:35,554	[INFO]	(gateway.py:110)ws_connect	[botpy] 启动中...
2023-08-12 18:11:35,647	[INFO]	(gateway.py:136)ws_identify	[botpy] 鉴权中...
2023-08-12 18:11:35,737	[INFO]	(gateway.py:80)on_message	[botpy] 机器人「诗雅机器人-测试中」启动成功！
2023-08-12 18:11:35,737	[INFO]	(gateway.py:217)_send_heart	[botpy] 心跳维持启动...
2023-08-12 18:11:46,147	[ERROR]	(http.py:73)_handle_response	[botpy] 接口请求异常，请求连接: https://api.sgroup.qq.com/channels/xxxx, 错误代码: 401, 返回内容: {'message': 'get guild id failed', 'code': 11263}, trace_id:a726be9acd28316f11b29dd32fba2ad9
2023-08-12 18:12:10,375	[INFO]	(client.py:159)_bot_login	[botpy] 登录机器人账号中...
2023-08-12 18:12:10,674	[INFO]	(client.py:178)_bot_init	[botpy] 程序启动...
2023-08-12 18:12:10,674	[INFO]	(connection.py:59)multi_run	[botpy] 最大并发连接数: 1, 启动会话数: 1
2023-08-12 18:12:10,674	[INFO]	(client.py:236)bot_connect	[botpy] 会话启动中...
2023-08-12 18:12:10,674	[INFO]	(gateway.py:110)ws_connect	[botpy] 启动中...
2023-08-12 18:12:10,745	[INFO]	(gateway.py:136)ws_identify	[botpy] 鉴权中...
2023-08-12 18:12:10,816	[INFO]	(gateway.py:80)on_message	[botpy] 机器人「诗雅机器人-测试中」启动成功！
2023-08-12 18:12:10,817	[INFO]	(gateway.py:217)_send_heart	[botpy] 心跳维持启动...
2023-08-12 18:15:36,866	[INFO]	(client.py:159)_bot_login	[botpy] 登录机器人账号中...
2023-08-12 18:15:37,460	[INFO]	(client.py:178)_bot_init	[botpy] 程序启动...
2023-08-12 18:15:37,460	[INFO]	(connection.py:59)multi_run	[botpy] 最大并发连接数: 1, 启动会话数: 1
2023-08-12 18:15:37,461	[INFO]	(client.py:236)bot_connect	[botpy] 会话启动中...
2023-08-12 18:15:37,461	[INFO]	(gateway.py:110)ws_connect	[botpy] 启动中...
2023-08-12 18:15:37,542	[INFO]	(gateway.py:136)ws_identify	[botpy] 鉴权中...
2023-08-12 18:15:37,649	[INFO]	(gateway.py:80)on_message	[botpy] 机器人「诗雅机器人-测试中」启动成功！
2023-08-12 18:15:37,650	[INFO]	(gateway.py:217)_send_heart	[botpy] 心跳维持启动...
2023-08-12 18:18:19,365	[INFO]	(client.py:159)_bot_login	[botpy] 登录机器人账号中...
2023-08-12 18:18:19,661	[INFO]	(client.py:178)_bot_init	[botpy] 程序启动...
2023-08-12 18:18:19,661	[INFO]	(connection.py:59)multi_run	[botpy] 最大并发连接数: 1, 启动会话数: 1
2023-08-12 18:18:19,662	[INFO]	(client.py:236)bot_connect	[botpy] 会话启动中...
2023-08-12 18:18:19,662	[INFO]	(gateway.py:110)ws_connect	[botpy] 启动中...
2023-08-12 18:18:19,733	[INFO]	(gateway.py:136)ws_identify	[botpy] 鉴权中...
2023-08-12 18:18:19,788	[INFO]	(gateway.py:80)on_message	[botpy] 机器人「诗雅机器人-测试中」启动成功！
2023-08-12 18:18:19,788	[INFO]	(gateway.py:217)_send_heart	[botpy] 心跳维持启动...
2023-08-12 18:19:21,991	[INFO]	(client.py:159)_bot_login	[botpy] 登录机器人账号中...
2023-08-12 18:19:22,366	[INFO]	(client.py:178)_bot_init	[botpy] 程序启动...
2023-08-12 18:19:22,367	[INFO]	(connection.py:59)multi_run	[botpy] 最大并发连接数: 1, 启动会话数: 1
2023-08-12 18:19:22,367	[INFO]	(client.py:236)bot_connect	[botpy] 会话启动中...
2023-08-12 18:19:22,367	[INFO]	(gateway.py:110)ws_connect	[botpy] 启动中...
2023-08-12 18:19:22,435	[INFO]	(gateway.py:136)ws_identify	[botpy] 鉴权中...
2023-08-12 18:19:22,501	[INFO]	(gateway.py:80)on_message	[botpy] 机器人「诗雅机器人-测试中」启动成功！
2023-08-12 18:19:22,501	[INFO]	(gateway.py:217)_send_heart	[botpy] 心跳维持启动...
2023-08-12 18:19:56,793	[INFO]	(client.py:159)_bot_login	[botpy] 登录机器人账号中...
2023-08-12 18:19:57,079	[INFO]	(client.py:178)_bot_init	[botpy] 程序启动...
2023-08-12 18:19:57,079	[INFO]	(connection.py:59)multi_run	[botpy] 最大并发连接数: 1, 启动会话数: 1
2023-08-12 18:19:57,079	[INFO]	(client.py:236)bot_connect	[botpy] 会话启动中...
2023-08-12 18:19:57,080	[INFO]	(gateway.py:110)ws_connect	[botpy] 启动中...
2023-08-12 18:19:57,169	[INFO]	(gateway.py:136)ws_identify	[botpy] 鉴权中...
2023-08-12 18:19:57,253	[INFO]	(gateway.py:80)on_message	[botpy] 机器人「诗雅机器人-测试中」启动成功！
2023-08-12 18:19:57,253	[INFO]	(gateway.py:217)_send_heart	[botpy] 心跳维持启动...
2023-08-12 18:21:42,603	[INFO]	(client.py:159)_bot_login	[botpy] 登录机器人账号中...
2023-08-12 18:21:42,912	[INFO]	(client.py:178)_bot_init	[botpy] 程序启动...
2023-08-12 18:21:42,913	[INFO]	(connection.py:59)multi_run	[botpy] 最大并发连接数: 1, 启动会话数: 1
2023-08-12 18:21:42,913	[INFO]	(client.py:236)bot_connect	[botpy] 会话启动中...
2023-08-12 18:21:42,914	[INFO]	(gateway.py:110)ws_connect	[botpy] 启动中...
2023-08-12 18:21:42,986	[INFO]	(gateway.py:136)ws_identify	[botpy] 鉴权中...
2023-08-12 18:21:43,054	[INFO]	(gateway.py:80)on_message	[botpy] 机器人「诗雅机器人-测试中」启动成功！
2023-08-12 18:21:43,054	[INFO]	(gateway.py:217)_send_heart	[botpy] 心跳维持启动...
2023-08-12 18:22:35,758	[INFO]	(client.py:159)_bot_login	[botpy] 登录机器人账号中...
2023-08-12 18:22:36,039	[INFO]	(client.py:178)_bot_init	[botpy] 程序启动...
2023-08-12 18:22:36,040	[INFO]	(connection.py:59)multi_run	[botpy] 最大并发连接数: 1, 启动会话数: 1
2023-08-12 18:22:36,041	[INFO]	(client.py:236)bot_connect	[botpy] 会话启动中...
2023-08-12 18:22:36,041	[INFO]	(gateway.py:110)ws_connect	[botpy] 启动中...
2023-08-12 18:22:36,129	[INFO]	(gateway.py:136)ws_identify	[botpy] 鉴权中...
2023-08-12 18:22:36,238	[INFO]	(gateway.py:80)on_message	[botpy] 机器人「诗雅机器人-测试中」启动成功！
2023-08-12 18:22:36,238	[INFO]	(gateway.py:217)_send_heart	[botpy] 心跳维持启动...
2023-08-12 18:25:24,088	[INFO]	(client.py:159)_bot_login	[botpy] 登录机器人账号中...
2023-08-12 18:25:24,408	[INFO]	(client.py:178)_bot_init	[botpy] 程序启动...
2023-08-12 18:25:24,408	[INFO]	(connection.py:59)multi_run	[botpy] 最大并发连接数: 1, 启动会话数: 1
2023-08-12 18:25:24,408	[INFO]	(client.py:236)bot_connect	[botpy] 会话启动中...
2023-08-12 18:25:24,409	[INFO]	(gateway.py:110)ws_connect	[botpy] 启动中...
2023-08-12 18:25:24,480	[INFO]	(gateway.py:136)ws_identify	[botpy] 鉴权中...
2023-08-12 18:25:24,547	[INFO]	(gateway.py:80)on_message	[botpy] 机器人「诗雅机器人-测试中」启动成功！
2023-08-12 18:25:24,547	[INFO]	(gateway.py:217)_send_heart	[botpy] 心跳维持启动...
2023-08-12 18:26:19,262	[INFO]	(client.py:159)_bot_login	[botpy] 登录机器人账号中...
2023-08-12 18:26:19,542	[INFO]	(client.py:178)_bot_init	[botpy] 程序启动...
2023-08-12 18:26:19,542	[INFO]	(connection.py:59)multi_run	[botpy] 最大并发连接数: 1, 启动会话数: 1
2023-08-12 18:26:19,542	[INFO]	(client.py:236)bot_connect	[botpy] 会话启动中...
2023-08-12 18:26:19,542	[INFO]	(gateway.py:110)ws_connect	[botpy] 启动中...
2023-08-12 18:26:19,623	[INFO]	(gateway.py:136)ws_identify	[botpy] 鉴权中...
2023-08-12 18:26:19,666	[INFO]	(gateway.py:80)on_message	[botpy] 机器人「诗雅机器人-测试中」启动成功！
2023-08-12 18:26:19,666	[INFO]	(gateway.py:217)_send_heart	[botpy] 心跳维持启动...
2023-08-12 18:27:28,977	[INFO]	(client.py:159)_bot_login	[botpy] 登录机器人账号中...
2023-08-12 18:27:29,321	[INFO]	(client.py:178)_bot_init	[botpy] 程序启动...
2023-08-12 18:27:29,322	[INFO]	(connection.py:59)multi_run	[botpy] 最大并发连接数: 1, 启动会话数: 1
2023-08-12 18:27:29,322	[INFO]	(client.py:236)bot_connect	[botpy] 会话启动中...
2023-08-12 18:27:29,322	[INFO]	(gateway.py:110)ws_connect	[botpy] 启动中...
2023-08-12 18:27:29,395	[INFO]	(gateway.py:136)ws_identify	[botpy] 鉴权中...
2023-08-12 18:27:29,446	[INFO]	(gateway.py:80)on_message	[botpy] 机器人「诗雅机器人-测试中」启动成功！
2023-08-12 18:27:29,446	[INFO]	(gateway.py:217)_send_heart	[botpy] 心跳维持启动...
2023-08-12 18:36:22,652	[INFO]	(client.py:159)_bot_login	[botpy] 登录机器人账号中...
2023-08-12 18:36:23,021	[INFO]	(client.py:178)_bot_init	[botpy] 程序启动...
2023-08-12 18:36:23,022	[INFO]	(connection.py:59)multi_run	[botpy] 最大并发连接数: 1, 启动会话数: 1
2023-08-12 18:36:23,023	[INFO]	(client.py:236)bot_connect	[botpy] 会话启动中...
2023-08-12 18:36:23,024	[INFO]	(gateway.py:110)ws_connect	[botpy] 启动中...
2023-08-12 18:36:23,092	[INFO]	(gateway.py:136)ws_identify	[botpy] 鉴权中...
2023-08-12 18:36:23,189	[INFO]	(gateway.py:80)on_message	[botpy] 机器人「诗雅机器人-测试中」启动成功！
2023-08-12 18:36:23,190	[INFO]	(gateway.py:217)_send_heart	[botpy] 心跳维持启动...
2023-08-12 18:36:32,865	[ERROR]	(http.py:73)_handle_response	[botpy] 接口请求异常，请求连接: https://api.sgroup.qq.com/guilds/11530058854496935116/members/%E6%B5%85%E8%8B%A5%E7%BA%A2%E5%B0%98, 错误代码: 404, 返回内容: {'code': 10013, 'message': 'miss user id'}, trace_id:bab69c467e9e6dc1223488744e948ee2
2023-08-12 18:37:18,164	[INFO]	(client.py:159)_bot_login	[botpy] 登录机器人账号中...
2023-08-12 18:37:18,454	[INFO]	(client.py:178)_bot_init	[botpy] 程序启动...
2023-08-12 18:37:18,454	[INFO]	(connection.py:59)multi_run	[botpy] 最大并发连接数: 1, 启动会话数: 1
2023-08-12 18:37:18,455	[INFO]	(client.py:236)bot_connect	[botpy] 会话启动中...
2023-08-12 18:37:18,455	[INFO]	(gateway.py:110)ws_connect	[botpy] 启动中...
2023-08-12 18:37:18,539	[INFO]	(gateway.py:136)ws_identify	[botpy] 鉴权中...
2023-08-12 18:37:18,596	[INFO]	(gateway.py:80)on_message	[botpy] 机器人「诗雅机器人-测试中」启动成功！
2023-08-12 18:37:18,596	[INFO]	(gateway.py:217)_send_heart	[botpy] 心跳维持启动...
2023-08-12 19:07:18,554	[INFO]	(gateway.py:54)on_closed	[botpy] 关闭, 返回码: 4009, 返回信息: Session timed out
2023-08-12 19:07:23,566	[INFO]	(connection.py:59)multi_run	[botpy] 最大并发连接数: 1, 启动会话数: 1
2023-08-12 19:07:23,568	[INFO]	(client.py:236)bot_connect	[botpy] 会话启动中...
2023-08-12 19:07:23,568	[INFO]	(gateway.py:110)ws_connect	[botpy] 启动中...
2023-08-12 19:07:23,771	[INFO]	(gateway.py:169)ws_resume	[botpy] 重连启动...
2023-08-12 19:07:23,819	[INFO]	(gateway.py:85)on_message	[botpy] 机器人重连成功! 
2023-08-12 19:07:23,819	[INFO]	(gateway.py:217)_send_heart	[botpy] 心跳维持启动...
2023-08-12 19:37:23,783	[INFO]	(gateway.py:54)on_closed	[botpy] 关闭, 返回码: 4009, 返回信息: Session timed out
2023-08-12 19:37:28,784	[INFO]	(connection.py:59)multi_run	[botpy] 最大并发连接数: 1, 启动会话数: 1
2023-08-12 19:37:28,786	[INFO]	(client.py:236)bot_connect	[botpy] 会话启动中...
2023-08-12 19:37:28,787	[INFO]	(gateway.py:110)ws_connect	[botpy] 启动中...
2023-08-12 19:37:29,387	[INFO]	(gateway.py:169)ws_resume	[botpy] 重连启动...
2023-08-12 19:37:29,470	[INFO]	(gateway.py:85)on_message	[botpy] 机器人重连成功! 
2023-08-12 19:37:29,471	[INFO]	(gateway.py:217)_send_heart	[botpy] 心跳维持启动...
2023-08-12 20:07:29,402	[INFO]	(gateway.py:54)on_closed	[botpy] 关闭, 返回码: 4009, 返回信息: Session timed out
2023-08-12 20:07:34,412	[INFO]	(connection.py:59)multi_run	[botpy] 最大并发连接数: 1, 启动会话数: 1
2023-08-12 20:07:34,414	[INFO]	(client.py:236)bot_connect	[botpy] 会话启动中...
2023-08-12 20:07:34,414	[INFO]	(gateway.py:110)ws_connect	[botpy] 启动中...
2023-08-12 20:07:35,299	[INFO]	(gateway.py:169)ws_resume	[botpy] 重连启动...
2023-08-12 20:07:35,349	[INFO]	(gateway.py:85)on_message	[botpy] 机器人重连成功! 
2023-08-12 20:07:35,350	[INFO]	(gateway.py:217)_send_heart	[botpy] 心跳维持启动...
2023-08-12 20:31:35,160	[INFO]	(client.py:159)_bot_login	[botpy] 登录机器人账号中...
2023-08-12 20:31:35,749	[INFO]	(client.py:178)_bot_init	[botpy] 程序启动...
2023-08-12 20:31:35,754	[INFO]	(connection.py:59)multi_run	[botpy] 最大并发连接数: 1, 启动会话数: 1
2023-08-12 20:31:35,754	[INFO]	(client.py:236)bot_connect	[botpy] 会话启动中...
2023-08-12 20:31:35,755	[INFO]	(gateway.py:110)ws_connect	[botpy] 启动中...
2023-08-12 20:31:35,831	[INFO]	(gateway.py:136)ws_identify	[botpy] 鉴权中...
2023-08-12 20:31:35,933	[INFO]	(gateway.py:80)on_message	[botpy] 机器人「诗雅测试机器人-测试中」启动成功！
2023-08-12 20:31:35,934	[INFO]	(gateway.py:217)_send_heart	[botpy] 心跳维持启动...
2023-08-12 20:32:20,028	[INFO]	(client.py:159)_bot_login	[botpy] 登录机器人账号中...
2023-08-12 20:32:20,301	[INFO]	(client.py:178)_bot_init	[botpy] 程序启动...
2023-08-12 20:32:20,303	[INFO]	(connection.py:59)multi_run	[botpy] 最大并发连接数: 1, 启动会话数: 1
2023-08-12 20:32:20,303	[INFO]	(client.py:236)bot_connect	[botpy] 会话启动中...
2023-08-12 20:32:20,303	[INFO]	(gateway.py:110)ws_connect	[botpy] 启动中...
2023-08-12 20:32:20,384	[INFO]	(gateway.py:136)ws_identify	[botpy] 鉴权中...
2023-08-12 20:32:20,576	[INFO]	(gateway.py:80)on_message	[botpy] 机器人「诗雅测试机器人-测试中」启动成功！
2023-08-12 20:32:20,577	[INFO]	(gateway.py:217)_send_heart	[botpy] 心跳维持启动...
2023-08-12 20:42:53,793	[INFO]	(client.py:159)_bot_login	[botpy] 登录机器人账号中...
2023-08-12 20:42:53,989	[ERROR]	(http.py:73)_handle_response	[botpy] 接口请求异常，请求连接: https://api.sgroup.qq.com/users/@me, 错误代码: 401, 返回内容: {'message': 'wrong bot token', 'code': 11242}, trace_id:91a92c63d6bd7aaa0cbc752a4a336350
2023-08-12 20:43:14,148	[INFO]	(client.py:159)_bot_login	[botpy] 登录机器人账号中...
2023-08-12 20:43:14,462	[INFO]	(client.py:178)_bot_init	[botpy] 程序启动...
2023-08-12 20:43:14,462	[INFO]	(connection.py:59)multi_run	[botpy] 最大并发连接数: 1, 启动会话数: 1
2023-08-12 20:43:14,463	[INFO]	(client.py:236)bot_connect	[botpy] 会话启动中...
2023-08-12 20:43:14,463	[INFO]	(gateway.py:110)ws_connect	[botpy] 启动中...
2023-08-12 20:43:14,538	[INFO]	(gateway.py:136)ws_identify	[botpy] 鉴权中...
2023-08-12 20:43:14,601	[INFO]	(gateway.py:80)on_message	[botpy] 机器人「诗雅测试机器人-测试中」启动成功！
2023-08-12 20:43:14,602	[INFO]	(gateway.py:217)_send_heart	[botpy] 心跳维持启动...
2023-08-12 20:44:20,218	[INFO]	(client.py:159)_bot_login	[botpy] 登录机器人账号中...
2023-08-12 20:44:20,551	[INFO]	(client.py:178)_bot_init	[botpy] 程序启动...
2023-08-12 20:44:20,551	[INFO]	(connection.py:59)multi_run	[botpy] 最大并发连接数: 1, 启动会话数: 1
2023-08-12 20:44:20,553	[INFO]	(client.py:236)bot_connect	[botpy] 会话启动中...
2023-08-12 20:44:20,553	[INFO]	(gateway.py:110)ws_connect	[botpy] 启动中...
2023-08-12 20:44:20,638	[INFO]	(gateway.py:136)ws_identify	[botpy] 鉴权中...
2023-08-12 20:44:20,708	[INFO]	(gateway.py:80)on_message	[botpy] 机器人「诗雅测试机器人-测试中」启动成功！
2023-08-12 20:44:20,709	[INFO]	(gateway.py:217)_send_heart	[botpy] 心跳维持启动...
2023-08-12 20:47:56,198	[INFO]	(client.py:159)_bot_login	[botpy] 登录机器人账号中...
2023-08-12 20:47:56,528	[INFO]	(client.py:178)_bot_init	[botpy] 程序启动...
2023-08-12 20:47:56,529	[INFO]	(connection.py:59)multi_run	[botpy] 最大并发连接数: 1, 启动会话数: 1
2023-08-12 20:47:56,529	[INFO]	(client.py:236)bot_connect	[botpy] 会话启动中...
2023-08-12 20:47:56,530	[INFO]	(gateway.py:110)ws_connect	[botpy] 启动中...
2023-08-12 20:47:56,608	[INFO]	(gateway.py:136)ws_identify	[botpy] 鉴权中...
2023-08-12 20:47:56,711	[INFO]	(gateway.py:80)on_message	[botpy] 机器人「诗雅测试机器人-测试中」启动成功！
2023-08-12 20:47:56,712	[INFO]	(gateway.py:217)_send_heart	[botpy] 心跳维持启动...
2023-08-12 20:52:57,719	[INFO]	(client.py:159)_bot_login	[botpy] 登录机器人账号中...
2023-08-12 20:52:58,075	[INFO]	(client.py:178)_bot_init	[botpy] 程序启动...
2023-08-12 20:52:58,075	[INFO]	(connection.py:59)multi_run	[botpy] 最大并发连接数: 1, 启动会话数: 1
2023-08-12 20:52:58,075	[INFO]	(client.py:236)bot_connect	[botpy] 会话启动中...
2023-08-12 20:52:58,076	[INFO]	(gateway.py:110)ws_connect	[botpy] 启动中...
2023-08-12 20:52:58,175	[INFO]	(gateway.py:136)ws_identify	[botpy] 鉴权中...
2023-08-12 20:52:58,277	[INFO]	(gateway.py:80)on_message	[botpy] 机器人「诗雅测试机器人-测试中」启动成功！
2023-08-12 20:52:58,277	[INFO]	(gateway.py:217)_send_heart	[botpy] 心跳维持启动...
2023-08-12 21:06:08,525	[INFO]	(client.py:159)_bot_login	[botpy] 登录机器人账号中...
2023-08-12 21:06:09,386	[INFO]	(client.py:178)_bot_init	[botpy] 程序启动...
2023-08-12 21:06:09,386	[INFO]	(connection.py:59)multi_run	[botpy] 最大并发连接数: 1, 启动会话数: 1
2023-08-12 21:06:09,387	[INFO]	(client.py:236)bot_connect	[botpy] 会话启动中...
2023-08-12 21:06:09,387	[INFO]	(gateway.py:110)ws_connect	[botpy] 启动中...
2023-08-12 21:06:09,462	[INFO]	(gateway.py:136)ws_identify	[botpy] 鉴权中...
2023-08-12 21:06:09,567	[INFO]	(gateway.py:80)on_message	[botpy] 机器人「诗雅测试机器人-测试中」启动成功！
2023-08-12 21:06:09,567	[INFO]	(gateway.py:217)_send_heart	[botpy] 心跳维持启动...
2023-08-12 21:18:29,968	[INFO]	(client.py:159)_bot_login	[botpy] 登录机器人账号中...
2023-08-12 21:18:30,359	[INFO]	(client.py:178)_bot_init	[botpy] 程序启动...
2023-08-12 21:18:30,359	[INFO]	(connection.py:59)multi_run	[botpy] 最大并发连接数: 1, 启动会话数: 1
2023-08-12 21:18:30,360	[INFO]	(client.py:236)bot_connect	[botpy] 会话启动中...
2023-08-12 21:18:30,360	[INFO]	(gateway.py:110)ws_connect	[botpy] 启动中...
2023-08-12 21:18:30,446	[INFO]	(gateway.py:136)ws_identify	[botpy] 鉴权中...
2023-08-12 21:18:30,565	[INFO]	(gateway.py:80)on_message	[botpy] 机器人「诗雅测试机器人-测试中」启动成功！
2023-08-12 21:18:30,565	[INFO]	(gateway.py:217)_send_heart	[botpy] 心跳维持启动...
2023-08-12 21:19:17,190	[INFO]	(client.py:159)_bot_login	[botpy] 登录机器人账号中...
2023-08-12 21:19:17,484	[INFO]	(client.py:178)_bot_init	[botpy] 程序启动...
2023-08-12 21:19:17,484	[INFO]	(connection.py:59)multi_run	[botpy] 最大并发连接数: 1, 启动会话数: 1
2023-08-12 21:19:17,485	[INFO]	(client.py:236)bot_connect	[botpy] 会话启动中...
2023-08-12 21:19:17,485	[INFO]	(gateway.py:110)ws_connect	[botpy] 启动中...
2023-08-12 21:19:17,576	[INFO]	(gateway.py:136)ws_identify	[botpy] 鉴权中...
2023-08-12 21:19:17,639	[INFO]	(gateway.py:80)on_message	[botpy] 机器人「诗雅测试机器人-测试中」启动成功！
2023-08-12 21:19:17,639	[INFO]	(gateway.py:217)_send_heart	[botpy] 心跳维持启动...
2023-08-12 21:24:26,406	[INFO]	(client.py:159)_bot_login	[botpy] 登录机器人账号中...
2023-08-12 21:24:27,141	[INFO]	(client.py:178)_bot_init	[botpy] 程序启动...
2023-08-12 21:24:27,141	[INFO]	(connection.py:59)multi_run	[botpy] 最大并发连接数: 1, 启动会话数: 1
2023-08-12 21:24:27,142	[INFO]	(client.py:236)bot_connect	[botpy] 会话启动中...
2023-08-12 21:24:27,142	[INFO]	(gateway.py:110)ws_connect	[botpy] 启动中...
2023-08-12 21:24:27,230	[INFO]	(gateway.py:136)ws_identify	[botpy] 鉴权中...
2023-08-12 21:24:27,317	[INFO]	(gateway.py:80)on_message	[botpy] 机器人「诗雅测试机器人-测试中」启动成功！
2023-08-12 21:24:27,317	[INFO]	(gateway.py:217)_send_heart	[botpy] 心跳维持启动...
2023-08-12 21:26:50,069	[INFO]	(client.py:159)_bot_login	[botpy] 登录机器人账号中...
2023-08-12 21:26:50,373	[INFO]	(client.py:178)_bot_init	[botpy] 程序启动...
2023-08-12 21:26:50,373	[INFO]	(connection.py:59)multi_run	[botpy] 最大并发连接数: 1, 启动会话数: 1
2023-08-12 21:26:50,374	[INFO]	(client.py:236)bot_connect	[botpy] 会话启动中...
2023-08-12 21:26:50,375	[INFO]	(gateway.py:110)ws_connect	[botpy] 启动中...
2023-08-12 21:26:50,459	[INFO]	(gateway.py:136)ws_identify	[botpy] 鉴权中...
2023-08-12 21:26:50,532	[INFO]	(gateway.py:80)on_message	[botpy] 机器人「诗雅测试机器人-测试中」启动成功！
2023-08-12 21:26:50,532	[INFO]	(gateway.py:217)_send_heart	[botpy] 心跳维持启动...
2023-08-12 21:28:03,150	[INFO]	(client.py:159)_bot_login	[botpy] 登录机器人账号中...
2023-08-12 21:28:03,522	[INFO]	(client.py:178)_bot_init	[botpy] 程序启动...
2023-08-12 21:28:03,522	[INFO]	(connection.py:59)multi_run	[botpy] 最大并发连接数: 1, 启动会话数: 1
2023-08-12 21:28:03,522	[INFO]	(client.py:236)bot_connect	[botpy] 会话启动中...
2023-08-12 21:28:03,522	[INFO]	(gateway.py:110)ws_connect	[botpy] 启动中...
2023-08-12 21:28:03,608	[INFO]	(gateway.py:136)ws_identify	[botpy] 鉴权中...
2023-08-12 21:28:03,684	[INFO]	(gateway.py:80)on_message	[botpy] 机器人「诗雅测试机器人-测试中」启动成功！
2023-08-12 21:28:03,684	[INFO]	(gateway.py:217)_send_heart	[botpy] 心跳维持启动...
2023-08-12 21:58:03,621	[INFO]	(gateway.py:54)on_closed	[botpy] 关闭, 返回码: 4009, 返回信息: Session timed out
2023-08-12 21:58:08,629	[INFO]	(connection.py:59)multi_run	[botpy] 最大并发连接数: 1, 启动会话数: 1
2023-08-12 21:58:08,630	[INFO]	(client.py:236)bot_connect	[botpy] 会话启动中...
2023-08-12 21:58:08,630	[INFO]	(gateway.py:110)ws_connect	[botpy] 启动中...
2023-08-12 21:58:08,816	[INFO]	(gateway.py:169)ws_resume	[botpy] 重连启动...
2023-08-12 21:58:08,895	[INFO]	(gateway.py:85)on_message	[botpy] 机器人重连成功! 
2023-08-12 21:58:08,896	[INFO]	(gateway.py:217)_send_heart	[botpy] 心跳维持启动...
2023-08-12 22:28:08,830	[INFO]	(gateway.py:54)on_closed	[botpy] 关闭, 返回码: 4009, 返回信息: Session timed out
2023-08-12 22:28:13,832	[INFO]	(connection.py:59)multi_run	[botpy] 最大并发连接数: 1, 启动会话数: 1
2023-08-12 22:28:13,833	[INFO]	(client.py:236)bot_connect	[botpy] 会话启动中...
2023-08-12 22:28:13,834	[INFO]	(gateway.py:110)ws_connect	[botpy] 启动中...
2023-08-12 22:28:14,751	[INFO]	(gateway.py:169)ws_resume	[botpy] 重连启动...
2023-08-12 22:28:14,848	[INFO]	(gateway.py:85)on_message	[botpy] 机器人重连成功! 
2023-08-12 22:28:14,849	[INFO]	(gateway.py:217)_send_heart	[botpy] 心跳维持启动...
2023-08-12 22:58:14,764	[INFO]	(gateway.py:54)on_closed	[botpy] 关闭, 返回码: 4009, 返回信息: Session timed out
2023-08-12 22:58:19,769	[INFO]	(connection.py:59)multi_run	[botpy] 最大并发连接数: 1, 启动会话数: 1
2023-08-12 22:58:19,770	[INFO]	(client.py:236)bot_connect	[botpy] 会话启动中...
2023-08-12 22:58:19,770	[INFO]	(gateway.py:110)ws_connect	[botpy] 启动中...
2023-08-12 22:58:19,888	[INFO]	(gateway.py:169)ws_resume	[botpy] 重连启动...
2023-08-12 22:58:19,936	[INFO]	(gateway.py:85)on_message	[botpy] 机器人重连成功! 
2023-08-12 22:58:19,936	[INFO]	(gateway.py:217)_send_heart	[botpy] 心跳维持启动...
2023-08-12 23:28:19,899	[INFO]	(gateway.py:54)on_closed	[botpy] 关闭, 返回码: 4009, 返回信息: Session timed out
2023-08-12 23:28:24,923	[INFO]	(connection.py:59)multi_run	[botpy] 最大并发连接数: 1, 启动会话数: 1
2023-08-12 23:28:24,924	[INFO]	(client.py:236)bot_connect	[botpy] 会话启动中...
2023-08-12 23:28:24,924	[INFO]	(gateway.py:110)ws_connect	[botpy] 启动中...
2023-08-12 23:28:25,774	[INFO]	(gateway.py:169)ws_resume	[botpy] 重连启动...
2023-08-12 23:28:25,856	[INFO]	(gateway.py:85)on_message	[botpy] 机器人重连成功! 
2023-08-12 23:28:25,857	[INFO]	(gateway.py:217)_send_heart	[botpy] 心跳维持启动...
2023-08-12 23:58:25,786	[INFO]	(gateway.py:54)on_closed	[botpy] 关闭, 返回码: 4009, 返回信息: Session timed out
2023-08-12 23:58:30,784	[INFO]	(connection.py:59)multi_run	[botpy] 最大并发连接数: 1, 启动会话数: 1
2023-08-12 23:58:30,785	[INFO]	(client.py:236)bot_connect	[botpy] 会话启动中...
2023-08-12 23:58:30,785	[INFO]	(gateway.py:110)ws_connect	[botpy] 启动中...
2023-08-12 23:58:31,116	[INFO]	(gateway.py:169)ws_resume	[botpy] 重连启动...
2023-08-12 23:58:31,192	[INFO]	(gateway.py:85)on_message	[botpy] 机器人重连成功! 
2023-08-12 23:58:31,193	[INFO]	(gateway.py:217)_send_heart	[botpy] 心跳维持启动...
2023-08-13 00:28:31,128	[INFO]	(gateway.py:54)on_closed	[botpy] 关闭, 返回码: 4009, 返回信息: Session timed out
2023-08-13 00:28:36,135	[INFO]	(connection.py:59)multi_run	[botpy] 最大并发连接数: 1, 启动会话数: 1
2023-08-13 00:28:36,137	[INFO]	(client.py:236)bot_connect	[botpy] 会话启动中...
2023-08-13 00:28:36,137	[INFO]	(gateway.py:110)ws_connect	[botpy] 启动中...
2023-08-13 00:28:36,426	[INFO]	(gateway.py:169)ws_resume	[botpy] 重连启动...
2023-08-13 00:28:36,518	[INFO]	(gateway.py:85)on_message	[botpy] 机器人重连成功! 
2023-08-13 00:28:36,519	[INFO]	(gateway.py:217)_send_heart	[botpy] 心跳维持启动...
2023-08-13 01:05:03,455	[INFO]	(client.py:159)_bot_login	[botpy] 登录机器人账号中...
2023-08-13 01:05:03,790	[INFO]	(client.py:178)_bot_init	[botpy] 程序启动...
2023-08-13 01:05:03,790	[INFO]	(connection.py:59)multi_run	[botpy] 最大并发连接数: 1, 启动会话数: 1
2023-08-13 01:05:03,790	[INFO]	(client.py:236)bot_connect	[botpy] 会话启动中...
2023-08-13 01:05:03,791	[INFO]	(gateway.py:110)ws_connect	[botpy] 启动中...
2023-08-13 01:05:03,860	[INFO]	(gateway.py:136)ws_identify	[botpy] 鉴权中...
2023-08-13 01:05:03,932	[INFO]	(gateway.py:80)on_message	[botpy] 机器人「浅若红尘bot-测试中」启动成功！
2023-08-13 01:05:03,933	[INFO]	(gateway.py:217)_send_heart	[botpy] 心跳维持启动...
2023-08-13 01:05:57,251	[ERROR]	(http.py:73)_handle_response	[botpy] 接口请求异常，请求连接: https://api.sgroup.qq.com/channels/613324306/messages, 错误代码: 500, 返回内容: {'code': 304022, 'message': 'push time out of range'}, trace_id:48212ce6ad9cbfdf2d124539050fa095
2023-08-13 01:06:06,862	[INFO]	(client.py:159)_bot_login	[botpy] 登录机器人账号中...
2023-08-13 01:06:07,125	[INFO]	(client.py:178)_bot_init	[botpy] 程序启动...
2023-08-13 01:06:07,125	[INFO]	(connection.py:59)multi_run	[botpy] 最大并发连接数: 1, 启动会话数: 1
2023-08-13 01:06:07,125	[INFO]	(client.py:236)bot_connect	[botpy] 会话启动中...
2023-08-13 01:06:07,126	[INFO]	(gateway.py:110)ws_connect	[botpy] 启动中...
2023-08-13 01:06:07,205	[INFO]	(gateway.py:136)ws_identify	[botpy] 鉴权中...
2023-08-13 01:06:07,263	[INFO]	(gateway.py:80)on_message	[botpy] 机器人「浅若红尘bot-测试中」启动成功！
2023-08-13 01:06:07,264	[INFO]	(gateway.py:217)_send_heart	[botpy] 心跳维持启动...
2023-08-13 01:06:23,492	[ERROR]	(http.py:73)_handle_response	[botpy] 接口请求异常，请求连接: https://api.sgroup.qq.com/channels/613324306/messages, 错误代码: 500, 返回内容: {'code': 304022, 'message': 'push time out of range'}, trace_id:ed6c97fb923765b1cd4b93e66c1a9269
2023-08-13 01:07:20,888	[INFO]	(client.py:159)_bot_login	[botpy] 登录机器人账号中...
2023-08-13 01:07:21,188	[INFO]	(client.py:178)_bot_init	[botpy] 程序启动...
2023-08-13 01:07:21,189	[INFO]	(connection.py:59)multi_run	[botpy] 最大并发连接数: 1, 启动会话数: 1
2023-08-13 01:07:21,189	[INFO]	(client.py:236)bot_connect	[botpy] 会话启动中...
2023-08-13 01:07:21,189	[INFO]	(gateway.py:110)ws_connect	[botpy] 启动中...
2023-08-13 01:07:21,263	[INFO]	(gateway.py:136)ws_identify	[botpy] 鉴权中...
2023-08-13 01:07:21,325	[INFO]	(gateway.py:80)on_message	[botpy] 机器人「浅若红尘bot-测试中」启动成功！
2023-08-13 01:07:21,326	[INFO]	(gateway.py:217)_send_heart	[botpy] 心跳维持启动...
2023-08-13 01:07:28,541	[INFO]	(client.py:159)_bot_login	[botpy] 登录机器人账号中...
2023-08-13 01:07:28,847	[INFO]	(client.py:178)_bot_init	[botpy] 程序启动...
2023-08-13 01:07:28,848	[INFO]	(connection.py:59)multi_run	[botpy] 最大并发连接数: 1, 启动会话数: 1
2023-08-13 01:07:28,848	[INFO]	(client.py:236)bot_connect	[botpy] 会话启动中...
2023-08-13 01:07:28,849	[INFO]	(gateway.py:110)ws_connect	[botpy] 启动中...
2023-08-13 01:07:28,922	[INFO]	(gateway.py:136)ws_identify	[botpy] 鉴权中...
2023-08-13 01:07:28,962	[INFO]	(gateway.py:80)on_message	[botpy] 机器人「浅若红尘bot-测试中」启动成功！
2023-08-13 01:07:28,962	[INFO]	(gateway.py:217)_send_heart	[botpy] 心跳维持启动...
2023-08-13 01:07:38,185	[ERROR]	(http.py:73)_handle_response	[botpy] 接口请求异常，请求连接: https://api.sgroup.qq.com/channels/613324306/messages, 错误代码: 500, 返回内容: {'code': 304022, 'message': 'push time out of range'}, trace_id:92eee9897c2ad0a6be051c3f3a5a8adc
2023-08-13 01:09:11,759	[INFO]	(client.py:159)_bot_login	[botpy] 登录机器人账号中...
2023-08-13 01:09:12,412	[INFO]	(client.py:178)_bot_init	[botpy] 程序启动...
2023-08-13 01:09:12,412	[INFO]	(connection.py:59)multi_run	[botpy] 最大并发连接数: 1, 启动会话数: 1
2023-08-13 01:09:12,413	[INFO]	(client.py:236)bot_connect	[botpy] 会话启动中...
2023-08-13 01:09:12,413	[INFO]	(gateway.py:110)ws_connect	[botpy] 启动中...
2023-08-13 01:09:12,504	[INFO]	(gateway.py:136)ws_identify	[botpy] 鉴权中...
2023-08-13 01:09:12,608	[INFO]	(gateway.py:80)on_message	[botpy] 机器人「浅若红尘bot-测试中」启动成功！
2023-08-13 01:09:12,609	[INFO]	(gateway.py:217)_send_heart	[botpy] 心跳维持启动...
2023-08-13 01:09:22,854	[ERROR]	(http.py:73)_handle_response	[botpy] 接口请求异常，请求连接: https://api.sgroup.qq.com/channels/613324306/messages, 错误代码: 500, 返回内容: {'code': 304022, 'message': 'push time out of range'}, trace_id:98361737e0fea472c40022776fb59182
2023-08-13 01:10:55,063	[INFO]	(client.py:159)_bot_login	[botpy] 登录机器人账号中...
2023-08-13 01:10:55,319	[INFO]	(client.py:178)_bot_init	[botpy] 程序启动...
2023-08-13 01:10:55,319	[INFO]	(connection.py:59)multi_run	[botpy] 最大并发连接数: 1, 启动会话数: 1
2023-08-13 01:10:55,320	[INFO]	(client.py:236)bot_connect	[botpy] 会话启动中...
2023-08-13 01:10:55,320	[INFO]	(gateway.py:110)ws_connect	[botpy] 启动中...
2023-08-13 01:10:55,408	[INFO]	(gateway.py:136)ws_identify	[botpy] 鉴权中...
2023-08-13 01:10:55,499	[INFO]	(gateway.py:80)on_message	[botpy] 机器人「浅若红尘bot-测试中」启动成功！
2023-08-13 01:10:55,499	[INFO]	(gateway.py:217)_send_heart	[botpy] 心跳维持启动...
2023-08-13 01:11:05,754	[ERROR]	(http.py:73)_handle_response	[botpy] 接口请求异常，请求连接: https://api.sgroup.qq.com/channels/613324306/messages, 错误代码: 500, 返回内容: {'code': 304022, 'message': 'push time out of range'}, trace_id:6961f5126e05c700c5eb885a1dce1bc6
2023-08-13 09:02:15,726	[INFO]	(client.py:159)_bot_login	[botpy] 登录机器人账号中...
2023-08-13 09:02:16,349	[INFO]	(client.py:178)_bot_init	[botpy] 程序启动...
2023-08-13 09:02:16,350	[INFO]	(connection.py:59)multi_run	[botpy] 最大并发连接数: 1, 启动会话数: 1
2023-08-13 09:02:16,350	[INFO]	(client.py:236)bot_connect	[botpy] 会话启动中...
2023-08-13 09:02:16,350	[INFO]	(gateway.py:110)ws_connect	[botpy] 启动中...
2023-08-13 09:02:16,417	[INFO]	(gateway.py:136)ws_identify	[botpy] 鉴权中...
2023-08-13 09:02:16,486	[INFO]	(gateway.py:80)on_message	[botpy] 机器人「浅若红尘bot-测试中」启动成功！
2023-08-13 09:02:16,486	[INFO]	(gateway.py:217)_send_heart	[botpy] 心跳维持启动...
2023-08-13 09:03:16,724	[INFO]	(client.py:159)_bot_login	[botpy] 登录机器人账号中...
2023-08-13 09:03:16,983	[INFO]	(client.py:178)_bot_init	[botpy] 程序启动...
2023-08-13 09:03:16,983	[INFO]	(connection.py:59)multi_run	[botpy] 最大并发连接数: 1, 启动会话数: 1
2023-08-13 09:03:16,983	[INFO]	(client.py:236)bot_connect	[botpy] 会话启动中...
2023-08-13 09:03:16,984	[INFO]	(gateway.py:110)ws_connect	[botpy] 启动中...
2023-08-13 09:03:17,051	[INFO]	(gateway.py:136)ws_identify	[botpy] 鉴权中...
2023-08-13 09:03:17,096	[INFO]	(gateway.py:80)on_message	[botpy] 机器人「浅若红尘bot-测试中」启动成功！
2023-08-13 09:03:17,096	[INFO]	(gateway.py:217)_send_heart	[botpy] 心跳维持启动...
2023-08-13 09:05:39,870	[INFO]	(client.py:159)_bot_login	[botpy] 登录机器人账号中...
2023-08-13 09:05:40,183	[INFO]	(client.py:178)_bot_init	[botpy] 程序启动...
2023-08-13 09:05:40,183	[INFO]	(connection.py:59)multi_run	[botpy] 最大并发连接数: 1, 启动会话数: 1
2023-08-13 09:05:40,184	[INFO]	(client.py:236)bot_connect	[botpy] 会话启动中...
2023-08-13 09:05:40,184	[INFO]	(gateway.py:110)ws_connect	[botpy] 启动中...
2023-08-13 09:05:40,255	[INFO]	(gateway.py:136)ws_identify	[botpy] 鉴权中...
2023-08-13 09:05:40,358	[INFO]	(gateway.py:80)on_message	[botpy] 机器人「浅若红尘bot-测试中」启动成功！
2023-08-13 09:05:40,360	[INFO]	(gateway.py:217)_send_heart	[botpy] 心跳维持启动...
2023-08-13 09:05:53,136	[INFO]	(client.py:159)_bot_login	[botpy] 登录机器人账号中...
2023-08-13 09:05:53,456	[INFO]	(client.py:178)_bot_init	[botpy] 程序启动...
2023-08-13 09:05:53,457	[INFO]	(connection.py:59)multi_run	[botpy] 最大并发连接数: 1, 启动会话数: 1
2023-08-13 09:05:53,458	[INFO]	(client.py:236)bot_connect	[botpy] 会话启动中...
2023-08-13 09:05:53,458	[INFO]	(gateway.py:110)ws_connect	[botpy] 启动中...
2023-08-13 09:05:53,530	[INFO]	(gateway.py:136)ws_identify	[botpy] 鉴权中...
2023-08-13 09:05:53,623	[INFO]	(gateway.py:80)on_message	[botpy] 机器人「浅若红尘bot-测试中」启动成功！
2023-08-13 09:05:53,624	[INFO]	(gateway.py:217)_send_heart	[botpy] 心跳维持启动...
2023-08-13 09:06:52,604	[INFO]	(client.py:159)_bot_login	[botpy] 登录机器人账号中...
2023-08-13 09:06:52,919	[INFO]	(client.py:178)_bot_init	[botpy] 程序启动...
2023-08-13 09:06:52,919	[INFO]	(connection.py:59)multi_run	[botpy] 最大并发连接数: 1, 启动会话数: 1
2023-08-13 09:06:52,919	[INFO]	(client.py:236)bot_connect	[botpy] 会话启动中...
2023-08-13 09:06:52,919	[INFO]	(gateway.py:110)ws_connect	[botpy] 启动中...
2023-08-13 09:06:52,995	[INFO]	(gateway.py:136)ws_identify	[botpy] 鉴权中...
2023-08-13 09:06:53,083	[INFO]	(gateway.py:80)on_message	[botpy] 机器人「浅若红尘bot-测试中」启动成功！
2023-08-13 09:06:53,083	[INFO]	(gateway.py:217)_send_heart	[botpy] 心跳维持启动...
2023-08-13 09:36:53,005	[INFO]	(gateway.py:54)on_closed	[botpy] 关闭, 返回码: 4009, 返回信息: Session timed out
2023-08-13 09:36:58,018	[INFO]	(connection.py:59)multi_run	[botpy] 最大并发连接数: 1, 启动会话数: 1
2023-08-13 09:36:58,019	[INFO]	(client.py:236)bot_connect	[botpy] 会话启动中...
2023-08-13 09:36:58,020	[INFO]	(gateway.py:110)ws_connect	[botpy] 启动中...
2023-08-13 09:36:58,215	[INFO]	(gateway.py:169)ws_resume	[botpy] 重连启动...
2023-08-13 09:36:58,298	[INFO]	(gateway.py:85)on_message	[botpy] 机器人重连成功! 
2023-08-13 09:36:58,299	[INFO]	(gateway.py:217)_send_heart	[botpy] 心跳维持启动...
2023-08-13 09:47:02,392	[INFO]	(client.py:159)_bot_login	[botpy] 登录机器人账号中...
2023-08-13 09:47:03,226	[INFO]	(client.py:178)_bot_init	[botpy] 程序启动...
2023-08-13 09:47:03,226	[INFO]	(connection.py:59)multi_run	[botpy] 最大并发连接数: 1, 启动会话数: 1
2023-08-13 09:47:03,227	[INFO]	(client.py:236)bot_connect	[botpy] 会话启动中...
2023-08-13 09:47:03,227	[INFO]	(gateway.py:110)ws_connect	[botpy] 启动中...
2023-08-13 09:47:03,317	[INFO]	(gateway.py:136)ws_identify	[botpy] 鉴权中...
2023-08-13 09:47:03,418	[INFO]	(gateway.py:80)on_message	[botpy] 机器人「浅若红尘bot-测试中」启动成功！
2023-08-13 09:47:03,418	[INFO]	(gateway.py:217)_send_heart	[botpy] 心跳维持启动...
2023-08-13 09:47:49,243	[INFO]	(client.py:159)_bot_login	[botpy] 登录机器人账号中...
2023-08-13 09:47:49,589	[INFO]	(client.py:178)_bot_init	[botpy] 程序启动...
2023-08-13 09:47:49,590	[INFO]	(connection.py:59)multi_run	[botpy] 最大并发连接数: 1, 启动会话数: 1
2023-08-13 09:47:49,590	[INFO]	(client.py:236)bot_connect	[botpy] 会话启动中...
2023-08-13 09:47:49,590	[INFO]	(gateway.py:110)ws_connect	[botpy] 启动中...
2023-08-13 09:47:49,680	[INFO]	(gateway.py:136)ws_identify	[botpy] 鉴权中...
2023-08-13 09:47:49,740	[INFO]	(gateway.py:80)on_message	[botpy] 机器人「浅若红尘bot-测试中」启动成功！
2023-08-13 09:47:49,740	[INFO]	(gateway.py:217)_send_heart	[botpy] 心跳维持启动...
2023-08-13 09:49:13,071	[INFO]	(client.py:159)_bot_login	[botpy] 登录机器人账号中...
2023-08-13 09:49:13,366	[INFO]	(client.py:178)_bot_init	[botpy] 程序启动...
2023-08-13 09:49:13,367	[INFO]	(connection.py:59)multi_run	[botpy] 最大并发连接数: 1, 启动会话数: 1
2023-08-13 09:49:13,368	[INFO]	(client.py:236)bot_connect	[botpy] 会话启动中...
2023-08-13 09:49:13,368	[INFO]	(gateway.py:110)ws_connect	[botpy] 启动中...
2023-08-13 09:49:13,443	[INFO]	(gateway.py:136)ws_identify	[botpy] 鉴权中...
2023-08-13 09:49:13,528	[INFO]	(gateway.py:80)on_message	[botpy] 机器人「浅若红尘bot-测试中」启动成功！
2023-08-13 09:49:13,529	[INFO]	(gateway.py:217)_send_heart	[botpy] 心跳维持启动...
2023-08-13 09:53:04,243	[INFO]	(client.py:159)_bot_login	[botpy] 登录机器人账号中...
2023-08-13 09:53:04,553	[INFO]	(client.py:178)_bot_init	[botpy] 程序启动...
2023-08-13 09:53:04,554	[INFO]	(connection.py:59)multi_run	[botpy] 最大并发连接数: 1, 启动会话数: 1
2023-08-13 09:53:04,554	[INFO]	(client.py:236)bot_connect	[botpy] 会话启动中...
2023-08-13 09:53:04,555	[INFO]	(gateway.py:110)ws_connect	[botpy] 启动中...
2023-08-13 09:53:04,635	[INFO]	(gateway.py:136)ws_identify	[botpy] 鉴权中...
2023-08-13 09:53:04,737	[INFO]	(gateway.py:80)on_message	[botpy] 机器人「浅若红尘bot-测试中」启动成功！
2023-08-13 09:53:04,737	[INFO]	(gateway.py:217)_send_heart	[botpy] 心跳维持启动...
2023-08-13 09:54:40,117	[INFO]	(client.py:159)_bot_login	[botpy] 登录机器人账号中...
2023-08-13 09:54:40,399	[INFO]	(client.py:178)_bot_init	[botpy] 程序启动...
2023-08-13 09:54:40,399	[INFO]	(connection.py:59)multi_run	[botpy] 最大并发连接数: 1, 启动会话数: 1
2023-08-13 09:54:40,399	[INFO]	(client.py:236)bot_connect	[botpy] 会话启动中...
2023-08-13 09:54:40,399	[INFO]	(gateway.py:110)ws_connect	[botpy] 启动中...
2023-08-13 09:54:40,494	[INFO]	(gateway.py:136)ws_identify	[botpy] 鉴权中...
2023-08-13 09:54:40,542	[INFO]	(gateway.py:80)on_message	[botpy] 机器人「浅若红尘bot-测试中」启动成功！
2023-08-13 09:54:40,543	[INFO]	(gateway.py:217)_send_heart	[botpy] 心跳维持启动...
2023-08-13 09:56:53,106	[INFO]	(client.py:159)_bot_login	[botpy] 登录机器人账号中...
2023-08-13 09:56:54,067	[INFO]	(client.py:178)_bot_init	[botpy] 程序启动...
2023-08-13 09:56:54,067	[INFO]	(connection.py:59)multi_run	[botpy] 最大并发连接数: 1, 启动会话数: 1
2023-08-13 09:56:54,068	[INFO]	(client.py:236)bot_connect	[botpy] 会话启动中...
2023-08-13 09:56:54,068	[INFO]	(gateway.py:110)ws_connect	[botpy] 启动中...
2023-08-13 09:56:54,160	[INFO]	(gateway.py:136)ws_identify	[botpy] 鉴权中...
2023-08-13 09:56:54,258	[INFO]	(gateway.py:80)on_message	[botpy] 机器人「浅若红尘bot-测试中」启动成功！
2023-08-13 09:56:54,280	[INFO]	(gateway.py:217)_send_heart	[botpy] 心跳维持启动...
2023-08-13 09:58:19,198	[INFO]	(client.py:159)_bot_login	[botpy] 登录机器人账号中...
2023-08-13 09:58:19,508	[INFO]	(client.py:178)_bot_init	[botpy] 程序启动...
2023-08-13 09:58:19,509	[INFO]	(connection.py:59)multi_run	[botpy] 最大并发连接数: 1, 启动会话数: 1
2023-08-13 09:58:19,509	[INFO]	(client.py:236)bot_connect	[botpy] 会话启动中...
2023-08-13 09:58:19,510	[INFO]	(gateway.py:110)ws_connect	[botpy] 启动中...
2023-08-13 09:58:19,589	[INFO]	(gateway.py:136)ws_identify	[botpy] 鉴权中...
2023-08-13 09:58:19,690	[INFO]	(gateway.py:80)on_message	[botpy] 机器人「浅若红尘bot-测试中」启动成功！
2023-08-13 09:58:19,690	[INFO]	(gateway.py:217)_send_heart	[botpy] 心跳维持启动...
2023-08-13 10:15:14,882	[INFO]	(client.py:159)_bot_login	[botpy] 登录机器人账号中...
2023-08-13 10:15:15,325	[INFO]	(client.py:178)_bot_init	[botpy] 程序启动...
2023-08-13 10:15:15,325	[INFO]	(connection.py:59)multi_run	[botpy] 最大并发连接数: 1, 启动会话数: 1
2023-08-13 10:15:15,326	[INFO]	(client.py:236)bot_connect	[botpy] 会话启动中...
2023-08-13 10:15:15,326	[INFO]	(gateway.py:110)ws_connect	[botpy] 启动中...
2023-08-13 10:15:15,410	[INFO]	(gateway.py:136)ws_identify	[botpy] 鉴权中...
2023-08-13 10:15:15,485	[INFO]	(gateway.py:80)on_message	[botpy] 机器人「浅若红尘bot-测试中」启动成功！
2023-08-13 10:15:15,485	[INFO]	(gateway.py:217)_send_heart	[botpy] 心跳维持启动...
2023-08-13 10:18:15,517	[INFO]	(client.py:159)_bot_login	[botpy] 登录机器人账号中...
2023-08-13 10:18:15,947	[INFO]	(client.py:178)_bot_init	[botpy] 程序启动...
2023-08-13 10:18:15,948	[INFO]	(connection.py:59)multi_run	[botpy] 最大并发连接数: 1, 启动会话数: 1
2023-08-13 10:18:15,948	[INFO]	(client.py:236)bot_connect	[botpy] 会话启动中...
2023-08-13 10:18:15,949	[INFO]	(gateway.py:110)ws_connect	[botpy] 启动中...
2023-08-13 10:18:16,029	[INFO]	(gateway.py:136)ws_identify	[botpy] 鉴权中...
2023-08-13 10:18:16,159	[INFO]	(gateway.py:80)on_message	[botpy] 机器人「浅若红尘bot-测试中」启动成功！
2023-08-13 10:18:16,159	[INFO]	(gateway.py:217)_send_heart	[botpy] 心跳维持启动...
2023-08-13 10:18:30,347	[ERROR]	(http.py:73)_handle_response	[botpy] 接口请求异常，请求连接: https://api.sgroup.qq.com/guilds/15502867278003061885, 错误代码: 401, 返回内容: {'message': 'check guild auth not pass', 'code': 11264}, trace_id:bbf371ab9452f8f503187230d8d4bc50
2023-08-13 10:18:52,220	[INFO]	(client.py:159)_bot_login	[botpy] 登录机器人账号中...
2023-08-13 10:18:52,505	[INFO]	(client.py:178)_bot_init	[botpy] 程序启动...
2023-08-13 10:18:52,505	[INFO]	(connection.py:59)multi_run	[botpy] 最大并发连接数: 1, 启动会话数: 1
2023-08-13 10:18:52,506	[INFO]	(client.py:236)bot_connect	[botpy] 会话启动中...
2023-08-13 10:18:52,506	[INFO]	(gateway.py:110)ws_connect	[botpy] 启动中...
2023-08-13 10:18:52,643	[INFO]	(gateway.py:136)ws_identify	[botpy] 鉴权中...
2023-08-13 10:18:52,707	[INFO]	(gateway.py:80)on_message	[botpy] 机器人「浅若红尘bot-测试中」启动成功！
2023-08-13 10:18:52,709	[INFO]	(gateway.py:217)_send_heart	[botpy] 心跳维持启动...
2023-08-13 10:18:57,842	[ERROR]	(http.py:73)_handle_response	[botpy] 接口请求异常，请求连接: https://api.sgroup.qq.com/guilds/15502867278003061885, 错误代码: 401, 返回内容: {'message': 'check guild auth not pass', 'code': 11264}, trace_id:74c8c6b43ecd178a2c6007fbd97ab8eb
2023-08-13 10:23:07,218	[INFO]	(client.py:159)_bot_login	[botpy] 登录机器人账号中...
2023-08-13 10:23:07,571	[INFO]	(client.py:178)_bot_init	[botpy] 程序启动...
2023-08-13 10:23:07,571	[INFO]	(connection.py:59)multi_run	[botpy] 最大并发连接数: 1, 启动会话数: 1
2023-08-13 10:23:07,571	[INFO]	(client.py:236)bot_connect	[botpy] 会话启动中...
2023-08-13 10:23:07,571	[INFO]	(gateway.py:110)ws_connect	[botpy] 启动中...
2023-08-13 10:23:07,656	[INFO]	(gateway.py:136)ws_identify	[botpy] 鉴权中...
2023-08-13 10:23:07,712	[INFO]	(gateway.py:80)on_message	[botpy] 机器人「浅若红尘bot-测试中」启动成功！
2023-08-13 10:23:07,713	[INFO]	(gateway.py:217)_send_heart	[botpy] 心跳维持启动...
2023-08-13 10:24:25,605	[INFO]	(client.py:159)_bot_login	[botpy] 登录机器人账号中...
2023-08-13 10:24:25,896	[INFO]	(client.py:178)_bot_init	[botpy] 程序启动...
2023-08-13 10:24:25,897	[INFO]	(connection.py:59)multi_run	[botpy] 最大并发连接数: 1, 启动会话数: 1
2023-08-13 10:24:25,897	[INFO]	(client.py:236)bot_connect	[botpy] 会话启动中...
2023-08-13 10:24:25,897	[INFO]	(gateway.py:110)ws_connect	[botpy] 启动中...
2023-08-13 10:24:25,976	[INFO]	(gateway.py:136)ws_identify	[botpy] 鉴权中...
2023-08-13 10:24:26,055	[INFO]	(gateway.py:80)on_message	[botpy] 机器人「浅若红尘bot-测试中」启动成功！
2023-08-13 10:24:26,056	[INFO]	(gateway.py:217)_send_heart	[botpy] 心跳维持启动...
2023-08-13 10:26:31,461	[INFO]	(client.py:159)_bot_login	[botpy] 登录机器人账号中...
2023-08-13 10:26:31,859	[INFO]	(client.py:178)_bot_init	[botpy] 程序启动...
2023-08-13 10:26:31,860	[INFO]	(connection.py:59)multi_run	[botpy] 最大并发连接数: 1, 启动会话数: 1
2023-08-13 10:26:31,860	[INFO]	(client.py:236)bot_connect	[botpy] 会话启动中...
2023-08-13 10:26:31,860	[INFO]	(gateway.py:110)ws_connect	[botpy] 启动中...
2023-08-13 10:26:31,938	[INFO]	(gateway.py:136)ws_identify	[botpy] 鉴权中...
2023-08-13 10:26:32,054	[INFO]	(gateway.py:80)on_message	[botpy] 机器人「浅若红尘bot-测试中」启动成功！
2023-08-13 10:26:32,054	[INFO]	(gateway.py:217)_send_heart	[botpy] 心跳维持启动...
2023-08-13 10:26:39,221	[ERROR]	(http.py:73)_handle_response	[botpy] 接口请求异常，请求连接: https://api.sgroup.qq.com/dms/15502867278003061885/messages, 错误代码: 500, 返回内容: {'code': 304049, 'message': 'push dm message reach limit'}, trace_id:f6712e92656c85cf047d62779cda9343
2023-08-13 10:27:19,918	[INFO]	(client.py:159)_bot_login	[botpy] 登录机器人账号中...
2023-08-13 10:27:20,213	[INFO]	(client.py:178)_bot_init	[botpy] 程序启动...
2023-08-13 10:27:20,214	[INFO]	(connection.py:59)multi_run	[botpy] 最大并发连接数: 1, 启动会话数: 1
2023-08-13 10:27:20,215	[INFO]	(client.py:236)bot_connect	[botpy] 会话启动中...
2023-08-13 10:27:20,215	[INFO]	(gateway.py:110)ws_connect	[botpy] 启动中...
2023-08-13 10:27:20,283	[INFO]	(gateway.py:136)ws_identify	[botpy] 鉴权中...
2023-08-13 10:27:20,348	[INFO]	(gateway.py:80)on_message	[botpy] 机器人「浅若红尘bot-测试中」启动成功！
2023-08-13 10:27:20,348	[INFO]	(gateway.py:217)_send_heart	[botpy] 心跳维持启动...
2023-08-13 10:27:30,633	[ERROR]	(http.py:73)_handle_response	[botpy] 接口请求异常，请求连接: https://api.sgroup.qq.com/dms/15502867278003061885/messages, 错误代码: 500, 返回内容: {'code': 304049, 'message': 'push dm message reach limit'}, trace_id:938aee6a637156d6fed63d4cac4949c2
2023-08-13 10:28:35,958	[INFO]	(client.py:159)_bot_login	[botpy] 登录机器人账号中...
2023-08-13 10:28:36,538	[INFO]	(client.py:178)_bot_init	[botpy] 程序启动...
2023-08-13 10:28:36,538	[INFO]	(connection.py:59)multi_run	[botpy] 最大并发连接数: 1, 启动会话数: 1
2023-08-13 10:28:36,538	[INFO]	(client.py:236)bot_connect	[botpy] 会话启动中...
2023-08-13 10:28:36,538	[INFO]	(gateway.py:110)ws_connect	[botpy] 启动中...
2023-08-13 10:28:36,615	[INFO]	(gateway.py:136)ws_identify	[botpy] 鉴权中...
2023-08-13 10:28:36,721	[INFO]	(gateway.py:80)on_message	[botpy] 机器人「浅若红尘bot-测试中」启动成功！
2023-08-13 10:28:36,721	[INFO]	(gateway.py:217)_send_heart	[botpy] 心跳维持启动...
2023-08-13 10:28:39,854	[ERROR]	(http.py:73)_handle_response	[botpy] 接口请求异常，请求连接: https://api.sgroup.qq.com/dms/15502867278003061885/messages, 错误代码: 500, 返回内容: {'code': 304049, 'message': 'push dm message reach limit'}, trace_id:6761498fdc6d24617de725f45eef0c79
2023-08-13 10:28:54,677	[INFO]	(client.py:159)_bot_login	[botpy] 登录机器人账号中...
2023-08-13 10:28:54,935	[INFO]	(client.py:178)_bot_init	[botpy] 程序启动...
2023-08-13 10:28:54,935	[INFO]	(connection.py:59)multi_run	[botpy] 最大并发连接数: 1, 启动会话数: 1
2023-08-13 10:28:54,935	[INFO]	(client.py:236)bot_connect	[botpy] 会话启动中...
2023-08-13 10:28:54,936	[INFO]	(gateway.py:110)ws_connect	[botpy] 启动中...
2023-08-13 10:28:55,017	[INFO]	(gateway.py:136)ws_identify	[botpy] 鉴权中...
2023-08-13 10:28:55,076	[INFO]	(gateway.py:80)on_message	[botpy] 机器人「浅若红尘bot-测试中」启动成功！
2023-08-13 10:28:55,077	[INFO]	(gateway.py:217)_send_heart	[botpy] 心跳维持启动...
2023-08-13 10:28:58,226	[ERROR]	(http.py:73)_handle_response	[botpy] 接口请求异常，请求连接: https://api.sgroup.qq.com/dms/15502867278003061885/messages, 错误代码: 500, 返回内容: {'code': 304049, 'message': 'push dm message reach limit'}, trace_id:8149ca098955ed1cc4083972bc90ea14
2023-08-13 10:29:36,149	[INFO]	(client.py:159)_bot_login	[botpy] 登录机器人账号中...
2023-08-13 10:29:36,599	[INFO]	(client.py:178)_bot_init	[botpy] 程序启动...
2023-08-13 10:29:36,600	[INFO]	(connection.py:59)multi_run	[botpy] 最大并发连接数: 1, 启动会话数: 1
2023-08-13 10:29:36,600	[INFO]	(client.py:236)bot_connect	[botpy] 会话启动中...
2023-08-13 10:29:36,601	[INFO]	(gateway.py:110)ws_connect	[botpy] 启动中...
2023-08-13 10:29:36,685	[INFO]	(gateway.py:136)ws_identify	[botpy] 鉴权中...
2023-08-13 10:29:36,768	[INFO]	(gateway.py:80)on_message	[botpy] 机器人「浅若红尘bot-测试中」启动成功！
2023-08-13 10:29:36,768	[INFO]	(gateway.py:217)_send_heart	[botpy] 心跳维持启动...
2023-08-13 10:29:39,914	[ERROR]	(http.py:73)_handle_response	[botpy] 接口请求异常，请求连接: https://api.sgroup.qq.com/dms/15502867278003061885/messages, 错误代码: 500, 返回内容: {'code': 304049, 'message': 'push dm message reach limit'}, trace_id:653bd428e9bbeeb78aa83a4ac9e6e09c
2023-08-13 12:38:14,385	[INFO]	(client.py:159)_bot_login	[botpy] 登录机器人账号中...
2023-08-13 12:38:14,784	[INFO]	(client.py:178)_bot_init	[botpy] 程序启动...
2023-08-13 12:38:14,784	[INFO]	(connection.py:59)multi_run	[botpy] 最大并发连接数: 1, 启动会话数: 1
2023-08-13 12:38:14,786	[INFO]	(client.py:236)bot_connect	[botpy] 会话启动中...
2023-08-13 12:38:14,786	[INFO]	(gateway.py:110)ws_connect	[botpy] 启动中...
2023-08-13 12:38:14,854	[INFO]	(gateway.py:136)ws_identify	[botpy] 鉴权中...
2023-08-13 12:38:14,920	[INFO]	(gateway.py:80)on_message	[botpy] 机器人「浅若红尘bot-测试中」启动成功！
2023-08-13 12:38:14,920	[INFO]	(gateway.py:217)_send_heart	[botpy] 心跳维持启动...
