2023-08-24 21:23:00,071	[INFO]	(client.py:159)_bot_login	[botpy] 登录机器人账号中...
2023-08-24 21:23:00,725	[INFO]	(client.py:178)_bot_init	[botpy] 程序启动...
2023-08-24 21:23:00,726	[INFO]	(connection.py:59)multi_run	[botpy] 最大并发连接数: 1, 启动会话数: 1
2023-08-24 21:23:00,726	[INFO]	(client.py:236)bot_connect	[botpy] 会话启动中...
2023-08-24 21:23:00,726	[INFO]	(gateway.py:110)ws_connect	[botpy] 启动中...
2023-08-24 21:23:00,861	[INFO]	(gateway.py:136)ws_identify	[botpy] 鉴权中...
2023-08-24 21:23:00,972	[INFO]	(gateway.py:80)on_message	[botpy] 机器人「浅若红尘bot-测试中」启动成功！
2023-08-24 21:23:00,972	[INFO]	(gateway.py:217)_send_heart	[botpy] 心跳维持启动...
2023-08-24 21:23:28,260	[INFO]	(client.py:159)_bot_login	[botpy] 登录机器人账号中...
2023-08-24 21:23:28,619	[INFO]	(client.py:178)_bot_init	[botpy] 程序启动...
2023-08-24 21:23:28,619	[INFO]	(connection.py:59)multi_run	[botpy] 最大并发连接数: 1, 启动会话数: 1
2023-08-24 21:23:28,620	[INFO]	(client.py:236)bot_connect	[botpy] 会话启动中...
2023-08-24 21:23:28,620	[INFO]	(gateway.py:110)ws_connect	[botpy] 启动中...
2023-08-24 21:23:28,742	[INFO]	(gateway.py:136)ws_identify	[botpy] 鉴权中...
2023-08-24 21:23:28,829	[INFO]	(gateway.py:80)on_message	[botpy] 机器人「浅若红尘bot-测试中」启动成功！
2023-08-24 21:23:28,830	[INFO]	(gateway.py:217)_send_heart	[botpy] 心跳维持启动...
2023-08-24 21:53:28,746	[INFO]	(gateway.py:54)on_closed	[botpy] 关闭, 返回码: 4009, 返回信息: Session timed out
2023-08-24 21:53:33,755	[INFO]	(connection.py:59)multi_run	[botpy] 最大并发连接数: 1, 启动会话数: 1
2023-08-24 21:53:33,756	[INFO]	(client.py:236)bot_connect	[botpy] 会话启动中...
2023-08-24 21:53:33,757	[INFO]	(gateway.py:110)ws_connect	[botpy] 启动中...
2023-08-24 21:53:33,915	[INFO]	(gateway.py:169)ws_resume	[botpy] 重连启动...
2023-08-24 21:53:33,963	[INFO]	(gateway.py:85)on_message	[botpy] 机器人重连成功! 
2023-08-24 21:53:33,964	[INFO]	(gateway.py:217)_send_heart	[botpy] 心跳维持启动...
2023-08-24 22:00:21,282	[INFO]	(client.py:159)_bot_login	[botpy] 登录机器人账号中...
2023-08-24 22:00:21,648	[INFO]	(client.py:178)_bot_init	[botpy] 程序启动...
2023-08-24 22:00:21,649	[INFO]	(connection.py:59)multi_run	[botpy] 最大并发连接数: 1, 启动会话数: 1
2023-08-24 22:00:21,649	[INFO]	(client.py:236)bot_connect	[botpy] 会话启动中...
2023-08-24 22:00:21,649	[INFO]	(gateway.py:110)ws_connect	[botpy] 启动中...
2023-08-24 22:00:22,314	[INFO]	(gateway.py:136)ws_identify	[botpy] 鉴权中...
2023-08-24 22:00:22,423	[INFO]	(gateway.py:80)on_message	[botpy] 机器人「浅若红尘bot-测试中」启动成功！
2023-08-24 22:00:22,423	[INFO]	(gateway.py:217)_send_heart	[botpy] 心跳维持启动...
2023-08-24 22:01:21,151	[INFO]	(client.py:159)_bot_login	[botpy] 登录机器人账号中...
2023-08-24 22:01:21,442	[INFO]	(client.py:178)_bot_init	[botpy] 程序启动...
2023-08-24 22:01:21,443	[INFO]	(connection.py:59)multi_run	[botpy] 最大并发连接数: 1, 启动会话数: 1
2023-08-24 22:01:21,444	[INFO]	(client.py:236)bot_connect	[botpy] 会话启动中...
2023-08-24 22:01:21,445	[INFO]	(gateway.py:110)ws_connect	[botpy] 启动中...
2023-08-24 22:01:21,537	[INFO]	(gateway.py:136)ws_identify	[botpy] 鉴权中...
2023-08-24 22:01:21,608	[INFO]	(gateway.py:80)on_message	[botpy] 机器人「浅若红尘bot-测试中」启动成功！
2023-08-24 22:01:21,609	[INFO]	(gateway.py:217)_send_heart	[botpy] 心跳维持启动...
2023-08-24 22:02:13,843	[INFO]	(client.py:159)_bot_login	[botpy] 登录机器人账号中...
2023-08-24 22:02:14,139	[INFO]	(client.py:178)_bot_init	[botpy] 程序启动...
2023-08-24 22:02:14,140	[INFO]	(connection.py:59)multi_run	[botpy] 最大并发连接数: 1, 启动会话数: 1
2023-08-24 22:02:14,140	[INFO]	(client.py:236)bot_connect	[botpy] 会话启动中...
2023-08-24 22:02:14,140	[INFO]	(gateway.py:110)ws_connect	[botpy] 启动中...
2023-08-24 22:02:14,217	[INFO]	(gateway.py:136)ws_identify	[botpy] 鉴权中...
2023-08-24 22:02:14,322	[INFO]	(gateway.py:80)on_message	[botpy] 机器人「浅若红尘bot-测试中」启动成功！
2023-08-24 22:02:14,323	[INFO]	(gateway.py:217)_send_heart	[botpy] 心跳维持启动...
2023-08-24 22:03:40,117	[INFO]	(client.py:159)_bot_login	[botpy] 登录机器人账号中...
2023-08-24 22:03:40,439	[INFO]	(client.py:178)_bot_init	[botpy] 程序启动...
2023-08-24 22:03:40,440	[INFO]	(connection.py:59)multi_run	[botpy] 最大并发连接数: 1, 启动会话数: 1
2023-08-24 22:03:40,440	[INFO]	(client.py:236)bot_connect	[botpy] 会话启动中...
2023-08-24 22:03:40,440	[INFO]	(gateway.py:110)ws_connect	[botpy] 启动中...
2023-08-24 22:03:40,529	[INFO]	(gateway.py:136)ws_identify	[botpy] 鉴权中...
2023-08-24 22:03:40,617	[INFO]	(gateway.py:80)on_message	[botpy] 机器人「浅若红尘bot-测试中」启动成功！
2023-08-24 22:03:40,617	[INFO]	(gateway.py:217)_send_heart	[botpy] 心跳维持启动...
2023-08-24 22:07:52,242	[INFO]	(client.py:159)_bot_login	[botpy] 登录机器人账号中...
2023-08-24 22:07:52,572	[INFO]	(client.py:178)_bot_init	[botpy] 程序启动...
2023-08-24 22:07:52,573	[INFO]	(connection.py:59)multi_run	[botpy] 最大并发连接数: 1, 启动会话数: 1
2023-08-24 22:07:52,573	[INFO]	(client.py:236)bot_connect	[botpy] 会话启动中...
2023-08-24 22:07:52,573	[INFO]	(gateway.py:110)ws_connect	[botpy] 启动中...
2023-08-24 22:07:52,664	[INFO]	(gateway.py:136)ws_identify	[botpy] 鉴权中...
2023-08-24 22:07:52,797	[INFO]	(gateway.py:80)on_message	[botpy] 机器人「浅若红尘bot-测试中」启动成功！
2023-08-24 22:07:52,797	[INFO]	(gateway.py:217)_send_heart	[botpy] 心跳维持启动...
2023-08-24 22:08:40,190	[INFO]	(client.py:159)_bot_login	[botpy] 登录机器人账号中...
2023-08-24 22:08:40,458	[INFO]	(client.py:178)_bot_init	[botpy] 程序启动...
2023-08-24 22:08:40,459	[INFO]	(connection.py:59)multi_run	[botpy] 最大并发连接数: 1, 启动会话数: 1
2023-08-24 22:08:40,459	[INFO]	(client.py:236)bot_connect	[botpy] 会话启动中...
2023-08-24 22:08:40,459	[INFO]	(gateway.py:110)ws_connect	[botpy] 启动中...
2023-08-24 22:08:40,546	[INFO]	(gateway.py:136)ws_identify	[botpy] 鉴权中...
2023-08-24 22:08:40,594	[INFO]	(gateway.py:80)on_message	[botpy] 机器人「浅若红尘bot-测试中」启动成功！
2023-08-24 22:08:40,594	[INFO]	(gateway.py:217)_send_heart	[botpy] 心跳维持启动...
2023-08-24 22:13:39,369	[INFO]	(client.py:159)_bot_login	[botpy] 登录机器人账号中...
2023-08-24 22:13:39,771	[INFO]	(client.py:178)_bot_init	[botpy] 程序启动...
2023-08-24 22:13:39,771	[INFO]	(connection.py:59)multi_run	[botpy] 最大并发连接数: 1, 启动会话数: 1
2023-08-24 22:13:39,772	[INFO]	(client.py:236)bot_connect	[botpy] 会话启动中...
2023-08-24 22:13:39,772	[INFO]	(gateway.py:110)ws_connect	[botpy] 启动中...
2023-08-24 22:13:39,884	[INFO]	(gateway.py:136)ws_identify	[botpy] 鉴权中...
2023-08-24 22:13:39,948	[INFO]	(gateway.py:80)on_message	[botpy] 机器人「浅若红尘bot-测试中」启动成功！
2023-08-24 22:13:39,949	[INFO]	(gateway.py:217)_send_heart	[botpy] 心跳维持启动...
2023-08-24 22:14:48,168	[INFO]	(client.py:159)_bot_login	[botpy] 登录机器人账号中...
2023-08-24 22:14:48,497	[INFO]	(client.py:178)_bot_init	[botpy] 程序启动...
2023-08-24 22:14:48,498	[INFO]	(connection.py:59)multi_run	[botpy] 最大并发连接数: 1, 启动会话数: 1
2023-08-24 22:14:48,499	[INFO]	(client.py:236)bot_connect	[botpy] 会话启动中...
2023-08-24 22:14:48,500	[INFO]	(gateway.py:110)ws_connect	[botpy] 启动中...
2023-08-24 22:14:48,569	[INFO]	(gateway.py:136)ws_identify	[botpy] 鉴权中...
2023-08-24 22:14:48,749	[INFO]	(gateway.py:80)on_message	[botpy] 机器人「浅若红尘bot-测试中」启动成功！
2023-08-24 22:14:48,749	[INFO]	(gateway.py:217)_send_heart	[botpy] 心跳维持启动...
2023-08-24 22:15:26,258	[INFO]	(client.py:159)_bot_login	[botpy] 登录机器人账号中...
2023-08-24 22:15:26,564	[INFO]	(client.py:178)_bot_init	[botpy] 程序启动...
2023-08-24 22:15:26,564	[INFO]	(connection.py:59)multi_run	[botpy] 最大并发连接数: 1, 启动会话数: 1
2023-08-24 22:15:26,565	[INFO]	(client.py:236)bot_connect	[botpy] 会话启动中...
2023-08-24 22:15:26,565	[INFO]	(gateway.py:110)ws_connect	[botpy] 启动中...
2023-08-24 22:15:26,670	[INFO]	(gateway.py:136)ws_identify	[botpy] 鉴权中...
2023-08-24 22:15:26,785	[INFO]	(gateway.py:80)on_message	[botpy] 机器人「浅若红尘bot-测试中」启动成功！
2023-08-24 22:15:26,786	[INFO]	(gateway.py:217)_send_heart	[botpy] 心跳维持启动...
2023-08-24 22:16:32,255	[INFO]	(client.py:159)_bot_login	[botpy] 登录机器人账号中...
2023-08-24 22:16:32,540	[INFO]	(client.py:178)_bot_init	[botpy] 程序启动...
2023-08-24 22:16:32,540	[INFO]	(connection.py:59)multi_run	[botpy] 最大并发连接数: 1, 启动会话数: 1
2023-08-24 22:16:32,541	[INFO]	(client.py:236)bot_connect	[botpy] 会话启动中...
2023-08-24 22:16:32,541	[INFO]	(gateway.py:110)ws_connect	[botpy] 启动中...
2023-08-24 22:16:32,627	[INFO]	(gateway.py:136)ws_identify	[botpy] 鉴权中...
2023-08-24 22:16:32,687	[INFO]	(gateway.py:80)on_message	[botpy] 机器人「浅若红尘bot-测试中」启动成功！
2023-08-24 22:16:32,687	[INFO]	(gateway.py:217)_send_heart	[botpy] 心跳维持启动...
2023-08-24 22:17:25,594	[INFO]	(client.py:159)_bot_login	[botpy] 登录机器人账号中...
2023-08-24 22:17:26,005	[INFO]	(client.py:178)_bot_init	[botpy] 程序启动...
2023-08-24 22:17:26,005	[INFO]	(connection.py:59)multi_run	[botpy] 最大并发连接数: 1, 启动会话数: 1
2023-08-24 22:17:26,005	[INFO]	(client.py:236)bot_connect	[botpy] 会话启动中...
2023-08-24 22:17:26,006	[INFO]	(gateway.py:110)ws_connect	[botpy] 启动中...
2023-08-24 22:17:26,079	[INFO]	(gateway.py:136)ws_identify	[botpy] 鉴权中...
2023-08-24 22:17:26,128	[INFO]	(gateway.py:80)on_message	[botpy] 机器人「浅若红尘bot-测试中」启动成功！
2023-08-24 22:17:26,128	[INFO]	(gateway.py:217)_send_heart	[botpy] 心跳维持启动...
2023-08-24 22:17:44,885	[INFO]	(client.py:159)_bot_login	[botpy] 登录机器人账号中...
2023-08-24 22:17:45,168	[INFO]	(client.py:178)_bot_init	[botpy] 程序启动...
2023-08-24 22:17:45,168	[INFO]	(connection.py:59)multi_run	[botpy] 最大并发连接数: 1, 启动会话数: 1
2023-08-24 22:17:45,168	[INFO]	(client.py:236)bot_connect	[botpy] 会话启动中...
2023-08-24 22:17:45,169	[INFO]	(gateway.py:110)ws_connect	[botpy] 启动中...
2023-08-24 22:17:45,260	[INFO]	(gateway.py:136)ws_identify	[botpy] 鉴权中...
2023-08-24 22:17:45,341	[INFO]	(gateway.py:80)on_message	[botpy] 机器人「浅若红尘bot-测试中」启动成功！
2023-08-24 22:17:45,341	[INFO]	(gateway.py:217)_send_heart	[botpy] 心跳维持启动...
2023-08-24 22:21:32,809	[INFO]	(client.py:159)_bot_login	[botpy] 登录机器人账号中...
2023-08-24 22:21:34,045	[INFO]	(client.py:178)_bot_init	[botpy] 程序启动...
2023-08-24 22:21:34,046	[INFO]	(connection.py:59)multi_run	[botpy] 最大并发连接数: 1, 启动会话数: 1
2023-08-24 22:21:34,047	[INFO]	(client.py:236)bot_connect	[botpy] 会话启动中...
2023-08-24 22:21:34,048	[INFO]	(gateway.py:110)ws_connect	[botpy] 启动中...
2023-08-24 22:21:34,138	[INFO]	(gateway.py:136)ws_identify	[botpy] 鉴权中...
2023-08-24 22:21:34,222	[INFO]	(gateway.py:80)on_message	[botpy] 机器人「浅若红尘bot-测试中」启动成功！
2023-08-24 22:21:34,223	[INFO]	(gateway.py:217)_send_heart	[botpy] 心跳维持启动...
2023-08-24 22:22:42,284	[INFO]	(client.py:159)_bot_login	[botpy] 登录机器人账号中...
2023-08-24 22:22:42,582	[INFO]	(client.py:178)_bot_init	[botpy] 程序启动...
2023-08-24 22:22:42,583	[INFO]	(connection.py:59)multi_run	[botpy] 最大并发连接数: 1, 启动会话数: 1
2023-08-24 22:22:42,584	[INFO]	(client.py:236)bot_connect	[botpy] 会话启动中...
2023-08-24 22:22:42,585	[INFO]	(gateway.py:110)ws_connect	[botpy] 启动中...
2023-08-24 22:22:42,662	[INFO]	(gateway.py:136)ws_identify	[botpy] 鉴权中...
2023-08-24 22:22:42,742	[INFO]	(gateway.py:80)on_message	[botpy] 机器人「浅若红尘bot-测试中」启动成功！
2023-08-24 22:22:42,742	[INFO]	(gateway.py:217)_send_heart	[botpy] 心跳维持启动...
2023-08-24 22:23:17,415	[INFO]	(client.py:159)_bot_login	[botpy] 登录机器人账号中...
2023-08-24 22:23:17,685	[INFO]	(client.py:178)_bot_init	[botpy] 程序启动...
2023-08-24 22:23:17,686	[INFO]	(connection.py:59)multi_run	[botpy] 最大并发连接数: 1, 启动会话数: 1
2023-08-24 22:23:17,687	[INFO]	(client.py:236)bot_connect	[botpy] 会话启动中...
2023-08-24 22:23:17,687	[INFO]	(gateway.py:110)ws_connect	[botpy] 启动中...
2023-08-24 22:23:17,765	[INFO]	(gateway.py:136)ws_identify	[botpy] 鉴权中...
2023-08-24 22:23:17,838	[INFO]	(gateway.py:80)on_message	[botpy] 机器人「浅若红尘bot-测试中」启动成功！
2023-08-24 22:23:17,838	[INFO]	(gateway.py:217)_send_heart	[botpy] 心跳维持启动...
2023-08-24 22:24:22,112	[INFO]	(client.py:159)_bot_login	[botpy] 登录机器人账号中...
2023-08-24 22:24:22,429	[INFO]	(client.py:178)_bot_init	[botpy] 程序启动...
2023-08-24 22:24:22,430	[INFO]	(connection.py:59)multi_run	[botpy] 最大并发连接数: 1, 启动会话数: 1
2023-08-24 22:24:22,430	[INFO]	(client.py:236)bot_connect	[botpy] 会话启动中...
2023-08-24 22:24:22,430	[INFO]	(gateway.py:110)ws_connect	[botpy] 启动中...
2023-08-24 22:24:22,517	[INFO]	(gateway.py:136)ws_identify	[botpy] 鉴权中...
2023-08-24 22:24:22,623	[INFO]	(gateway.py:80)on_message	[botpy] 机器人「浅若红尘bot-测试中」启动成功！
2023-08-24 22:24:22,623	[INFO]	(gateway.py:217)_send_heart	[botpy] 心跳维持启动...
2023-08-24 22:38:26,220	[INFO]	(client.py:159)_bot_login	[botpy] 登录机器人账号中...
2023-08-24 22:38:26,729	[INFO]	(client.py:178)_bot_init	[botpy] 程序启动...
2023-08-24 22:38:26,730	[INFO]	(connection.py:59)multi_run	[botpy] 最大并发连接数: 1, 启动会话数: 1
2023-08-24 22:38:26,730	[INFO]	(client.py:236)bot_connect	[botpy] 会话启动中...
2023-08-24 22:38:26,730	[INFO]	(gateway.py:110)ws_connect	[botpy] 启动中...
2023-08-24 22:38:26,812	[INFO]	(gateway.py:136)ws_identify	[botpy] 鉴权中...
2023-08-24 22:38:26,919	[INFO]	(gateway.py:80)on_message	[botpy] 机器人「浅若红尘bot-测试中」启动成功！
2023-08-24 22:38:26,920	[INFO]	(gateway.py:217)_send_heart	[botpy] 心跳维持启动...
2023-08-24 22:39:35,490	[INFO]	(client.py:159)_bot_login	[botpy] 登录机器人账号中...
2023-08-24 22:39:35,789	[INFO]	(client.py:178)_bot_init	[botpy] 程序启动...
2023-08-24 22:39:35,790	[INFO]	(connection.py:59)multi_run	[botpy] 最大并发连接数: 1, 启动会话数: 1
2023-08-24 22:39:35,790	[INFO]	(client.py:236)bot_connect	[botpy] 会话启动中...
2023-08-24 22:39:35,791	[INFO]	(gateway.py:110)ws_connect	[botpy] 启动中...
2023-08-24 22:39:35,866	[INFO]	(gateway.py:136)ws_identify	[botpy] 鉴权中...
2023-08-24 22:39:35,942	[INFO]	(gateway.py:80)on_message	[botpy] 机器人「浅若红尘bot-测试中」启动成功！
2023-08-24 22:39:35,943	[INFO]	(gateway.py:217)_send_heart	[botpy] 心跳维持启动...
2023-08-24 22:40:35,610	[INFO]	(client.py:159)_bot_login	[botpy] 登录机器人账号中...
2023-08-24 22:40:35,951	[INFO]	(client.py:178)_bot_init	[botpy] 程序启动...
2023-08-24 22:40:35,952	[INFO]	(connection.py:59)multi_run	[botpy] 最大并发连接数: 1, 启动会话数: 1
2023-08-24 22:40:35,952	[INFO]	(client.py:236)bot_connect	[botpy] 会话启动中...
2023-08-24 22:40:35,952	[INFO]	(gateway.py:110)ws_connect	[botpy] 启动中...
2023-08-24 22:40:36,033	[INFO]	(gateway.py:136)ws_identify	[botpy] 鉴权中...
2023-08-24 22:40:36,102	[INFO]	(gateway.py:80)on_message	[botpy] 机器人「浅若红尘bot-测试中」启动成功！
2023-08-24 22:40:36,103	[INFO]	(gateway.py:217)_send_heart	[botpy] 心跳维持启动...
2023-08-24 22:41:35,360	[INFO]	(client.py:159)_bot_login	[botpy] 登录机器人账号中...
2023-08-24 22:41:35,634	[INFO]	(client.py:178)_bot_init	[botpy] 程序启动...
2023-08-24 22:41:35,634	[INFO]	(connection.py:59)multi_run	[botpy] 最大并发连接数: 1, 启动会话数: 1
2023-08-24 22:41:35,635	[INFO]	(client.py:236)bot_connect	[botpy] 会话启动中...
2023-08-24 22:41:35,635	[INFO]	(gateway.py:110)ws_connect	[botpy] 启动中...
2023-08-24 22:41:35,723	[INFO]	(gateway.py:136)ws_identify	[botpy] 鉴权中...
2023-08-24 22:41:35,810	[INFO]	(gateway.py:80)on_message	[botpy] 机器人「浅若红尘bot-测试中」启动成功！
2023-08-24 22:41:35,810	[INFO]	(gateway.py:217)_send_heart	[botpy] 心跳维持启动...
2023-08-24 22:41:49,738	[INFO]	(client.py:159)_bot_login	[botpy] 登录机器人账号中...
2023-08-24 22:41:50,021	[INFO]	(client.py:178)_bot_init	[botpy] 程序启动...
2023-08-24 22:41:50,022	[INFO]	(connection.py:59)multi_run	[botpy] 最大并发连接数: 1, 启动会话数: 1
2023-08-24 22:41:50,022	[INFO]	(client.py:236)bot_connect	[botpy] 会话启动中...
2023-08-24 22:41:50,022	[INFO]	(gateway.py:110)ws_connect	[botpy] 启动中...
2023-08-24 22:41:50,112	[INFO]	(gateway.py:136)ws_identify	[botpy] 鉴权中...
2023-08-24 22:41:50,171	[INFO]	(gateway.py:80)on_message	[botpy] 机器人「浅若红尘bot-测试中」启动成功！
2023-08-24 22:41:50,171	[INFO]	(gateway.py:217)_send_heart	[botpy] 心跳维持启动...
2023-08-24 22:42:32,476	[INFO]	(client.py:159)_bot_login	[botpy] 登录机器人账号中...
2023-08-24 22:42:32,767	[INFO]	(client.py:178)_bot_init	[botpy] 程序启动...
2023-08-24 22:42:32,767	[INFO]	(connection.py:59)multi_run	[botpy] 最大并发连接数: 1, 启动会话数: 1
2023-08-24 22:42:32,768	[INFO]	(client.py:236)bot_connect	[botpy] 会话启动中...
2023-08-24 22:42:32,768	[INFO]	(gateway.py:110)ws_connect	[botpy] 启动中...
2023-08-24 22:42:32,850	[INFO]	(gateway.py:136)ws_identify	[botpy] 鉴权中...
2023-08-24 22:42:32,902	[INFO]	(gateway.py:80)on_message	[botpy] 机器人「浅若红尘bot-测试中」启动成功！
2023-08-24 22:42:32,903	[INFO]	(gateway.py:217)_send_heart	[botpy] 心跳维持启动...
2023-08-24 22:43:26,622	[INFO]	(client.py:159)_bot_login	[botpy] 登录机器人账号中...
2023-08-24 22:43:26,890	[INFO]	(client.py:178)_bot_init	[botpy] 程序启动...
2023-08-24 22:43:26,891	[INFO]	(connection.py:59)multi_run	[botpy] 最大并发连接数: 1, 启动会话数: 1
2023-08-24 22:43:26,892	[INFO]	(client.py:236)bot_connect	[botpy] 会话启动中...
2023-08-24 22:43:26,893	[INFO]	(gateway.py:110)ws_connect	[botpy] 启动中...
2023-08-24 22:43:26,971	[INFO]	(gateway.py:136)ws_identify	[botpy] 鉴权中...
2023-08-24 22:43:27,056	[INFO]	(gateway.py:80)on_message	[botpy] 机器人「浅若红尘bot-测试中」启动成功！
2023-08-24 22:43:27,056	[INFO]	(gateway.py:217)_send_heart	[botpy] 心跳维持启动...
2023-08-24 22:43:56,093	[INFO]	(client.py:159)_bot_login	[botpy] 登录机器人账号中...
2023-08-24 22:43:56,420	[INFO]	(client.py:178)_bot_init	[botpy] 程序启动...
2023-08-24 22:43:56,421	[INFO]	(connection.py:59)multi_run	[botpy] 最大并发连接数: 1, 启动会话数: 1
2023-08-24 22:43:56,422	[INFO]	(client.py:236)bot_connect	[botpy] 会话启动中...
2023-08-24 22:43:56,423	[INFO]	(gateway.py:110)ws_connect	[botpy] 启动中...
2023-08-24 22:43:56,499	[INFO]	(gateway.py:136)ws_identify	[botpy] 鉴权中...
2023-08-24 22:43:56,593	[INFO]	(gateway.py:80)on_message	[botpy] 机器人「浅若红尘bot-测试中」启动成功！
2023-08-24 22:43:56,594	[INFO]	(gateway.py:217)_send_heart	[botpy] 心跳维持启动...
2023-08-24 22:44:48,160	[INFO]	(client.py:159)_bot_login	[botpy] 登录机器人账号中...
2023-08-24 22:44:48,514	[INFO]	(client.py:178)_bot_init	[botpy] 程序启动...
2023-08-24 22:44:48,515	[INFO]	(connection.py:59)multi_run	[botpy] 最大并发连接数: 1, 启动会话数: 1
2023-08-24 22:44:48,516	[INFO]	(client.py:236)bot_connect	[botpy] 会话启动中...
2023-08-24 22:44:48,516	[INFO]	(gateway.py:110)ws_connect	[botpy] 启动中...
2023-08-24 22:44:48,604	[INFO]	(gateway.py:136)ws_identify	[botpy] 鉴权中...
2023-08-24 22:44:48,702	[INFO]	(gateway.py:80)on_message	[botpy] 机器人「浅若红尘bot-测试中」启动成功！
2023-08-24 22:44:48,703	[INFO]	(gateway.py:217)_send_heart	[botpy] 心跳维持启动...
2023-08-24 22:46:20,217	[INFO]	(client.py:159)_bot_login	[botpy] 登录机器人账号中...
2023-08-24 22:46:20,581	[INFO]	(client.py:178)_bot_init	[botpy] 程序启动...
2023-08-24 22:46:20,582	[INFO]	(connection.py:59)multi_run	[botpy] 最大并发连接数: 1, 启动会话数: 1
2023-08-24 22:46:20,583	[INFO]	(client.py:236)bot_connect	[botpy] 会话启动中...
2023-08-24 22:46:20,583	[INFO]	(gateway.py:110)ws_connect	[botpy] 启动中...
2023-08-24 22:46:20,672	[INFO]	(gateway.py:136)ws_identify	[botpy] 鉴权中...
2023-08-24 22:46:20,767	[INFO]	(gateway.py:80)on_message	[botpy] 机器人「浅若红尘bot-测试中」启动成功！
2023-08-24 22:46:20,768	[INFO]	(gateway.py:217)_send_heart	[botpy] 心跳维持启动...
2023-08-24 22:46:50,480	[INFO]	(client.py:159)_bot_login	[botpy] 登录机器人账号中...
2023-08-24 22:46:50,772	[INFO]	(client.py:178)_bot_init	[botpy] 程序启动...
2023-08-24 22:46:50,772	[INFO]	(connection.py:59)multi_run	[botpy] 最大并发连接数: 1, 启动会话数: 1
2023-08-24 22:46:50,773	[INFO]	(client.py:236)bot_connect	[botpy] 会话启动中...
2023-08-24 22:46:50,774	[INFO]	(gateway.py:110)ws_connect	[botpy] 启动中...
2023-08-24 22:46:50,850	[INFO]	(gateway.py:136)ws_identify	[botpy] 鉴权中...
2023-08-24 22:46:50,918	[INFO]	(gateway.py:80)on_message	[botpy] 机器人「浅若红尘bot-测试中」启动成功！
2023-08-24 22:46:50,919	[INFO]	(gateway.py:217)_send_heart	[botpy] 心跳维持启动...
2023-08-24 22:48:00,673	[INFO]	(client.py:159)_bot_login	[botpy] 登录机器人账号中...
2023-08-24 22:48:02,242	[INFO]	(client.py:178)_bot_init	[botpy] 程序启动...
2023-08-24 22:48:02,243	[INFO]	(connection.py:59)multi_run	[botpy] 最大并发连接数: 1, 启动会话数: 1
2023-08-24 22:48:02,244	[INFO]	(client.py:236)bot_connect	[botpy] 会话启动中...
2023-08-24 22:48:02,245	[INFO]	(gateway.py:110)ws_connect	[botpy] 启动中...
2023-08-24 22:48:02,336	[INFO]	(gateway.py:136)ws_identify	[botpy] 鉴权中...
2023-08-24 22:48:02,424	[INFO]	(gateway.py:80)on_message	[botpy] 机器人「浅若红尘bot-测试中」启动成功！
2023-08-24 22:48:02,425	[INFO]	(gateway.py:217)_send_heart	[botpy] 心跳维持启动...
2023-08-24 22:48:52,533	[INFO]	(client.py:159)_bot_login	[botpy] 登录机器人账号中...
2023-08-24 22:48:52,925	[INFO]	(client.py:178)_bot_init	[botpy] 程序启动...
2023-08-24 22:48:52,925	[INFO]	(connection.py:59)multi_run	[botpy] 最大并发连接数: 1, 启动会话数: 1
2023-08-24 22:48:52,926	[INFO]	(client.py:236)bot_connect	[botpy] 会话启动中...
2023-08-24 22:48:52,926	[INFO]	(gateway.py:110)ws_connect	[botpy] 启动中...
2023-08-24 22:48:53,001	[INFO]	(gateway.py:136)ws_identify	[botpy] 鉴权中...
2023-08-24 22:48:53,053	[INFO]	(gateway.py:80)on_message	[botpy] 机器人「浅若红尘bot-测试中」启动成功！
2023-08-24 22:48:53,053	[INFO]	(gateway.py:217)_send_heart	[botpy] 心跳维持启动...
2023-08-24 22:54:49,595	[INFO]	(client.py:159)_bot_login	[botpy] 登录机器人账号中...
2023-08-24 22:54:50,341	[INFO]	(client.py:178)_bot_init	[botpy] 程序启动...
2023-08-24 22:54:50,342	[INFO]	(connection.py:59)multi_run	[botpy] 最大并发连接数: 1, 启动会话数: 1
2023-08-24 22:54:50,342	[INFO]	(client.py:236)bot_connect	[botpy] 会话启动中...
2023-08-24 22:54:50,343	[INFO]	(gateway.py:110)ws_connect	[botpy] 启动中...
2023-08-24 22:54:50,443	[INFO]	(gateway.py:136)ws_identify	[botpy] 鉴权中...
2023-08-24 22:54:50,549	[INFO]	(gateway.py:80)on_message	[botpy] 机器人「浅若红尘bot-测试中」启动成功！
2023-08-24 22:54:50,550	[INFO]	(gateway.py:217)_send_heart	[botpy] 心跳维持启动...
2023-08-24 22:55:50,291	[INFO]	(client.py:159)_bot_login	[botpy] 登录机器人账号中...
2023-08-24 22:55:50,816	[INFO]	(client.py:178)_bot_init	[botpy] 程序启动...
2023-08-24 22:55:50,817	[INFO]	(connection.py:59)multi_run	[botpy] 最大并发连接数: 1, 启动会话数: 1
2023-08-24 22:55:50,818	[INFO]	(client.py:236)bot_connect	[botpy] 会话启动中...
2023-08-24 22:55:50,819	[INFO]	(gateway.py:110)ws_connect	[botpy] 启动中...
2023-08-24 22:55:50,911	[INFO]	(gateway.py:136)ws_identify	[botpy] 鉴权中...
2023-08-24 22:55:51,029	[INFO]	(gateway.py:80)on_message	[botpy] 机器人「浅若红尘bot-测试中」启动成功！
2023-08-24 22:55:51,030	[INFO]	(gateway.py:217)_send_heart	[botpy] 心跳维持启动...
2023-08-24 22:56:36,414	[INFO]	(client.py:159)_bot_login	[botpy] 登录机器人账号中...
2023-08-24 22:56:36,805	[INFO]	(client.py:178)_bot_init	[botpy] 程序启动...
2023-08-24 22:56:36,806	[INFO]	(connection.py:59)multi_run	[botpy] 最大并发连接数: 1, 启动会话数: 1
2023-08-24 22:56:36,806	[INFO]	(client.py:236)bot_connect	[botpy] 会话启动中...
2023-08-24 22:56:36,806	[INFO]	(gateway.py:110)ws_connect	[botpy] 启动中...
2023-08-24 22:56:36,885	[INFO]	(gateway.py:136)ws_identify	[botpy] 鉴权中...
2023-08-24 22:56:36,952	[INFO]	(gateway.py:80)on_message	[botpy] 机器人「浅若红尘bot-测试中」启动成功！
2023-08-24 22:56:36,953	[INFO]	(gateway.py:217)_send_heart	[botpy] 心跳维持启动...
2023-08-24 23:01:53,554	[INFO]	(client.py:159)_bot_login	[botpy] 登录机器人账号中...
2023-08-24 23:01:53,882	[INFO]	(client.py:178)_bot_init	[botpy] 程序启动...
2023-08-24 23:01:53,882	[INFO]	(connection.py:59)multi_run	[botpy] 最大并发连接数: 1, 启动会话数: 1
2023-08-24 23:01:53,883	[INFO]	(client.py:236)bot_connect	[botpy] 会话启动中...
2023-08-24 23:01:53,884	[INFO]	(gateway.py:110)ws_connect	[botpy] 启动中...
2023-08-24 23:01:53,970	[INFO]	(gateway.py:136)ws_identify	[botpy] 鉴权中...
2023-08-24 23:01:54,036	[INFO]	(gateway.py:80)on_message	[botpy] 机器人「浅若红尘bot-测试中」启动成功！
2023-08-24 23:01:54,036	[INFO]	(gateway.py:217)_send_heart	[botpy] 心跳维持启动...
2023-08-24 23:02:44,373	[INFO]	(client.py:159)_bot_login	[botpy] 登录机器人账号中...
2023-08-24 23:02:44,813	[INFO]	(client.py:178)_bot_init	[botpy] 程序启动...
2023-08-24 23:02:44,813	[INFO]	(connection.py:59)multi_run	[botpy] 最大并发连接数: 1, 启动会话数: 1
2023-08-24 23:02:44,813	[INFO]	(client.py:236)bot_connect	[botpy] 会话启动中...
2023-08-24 23:02:44,814	[INFO]	(gateway.py:110)ws_connect	[botpy] 启动中...
2023-08-24 23:02:44,887	[INFO]	(gateway.py:136)ws_identify	[botpy] 鉴权中...
2023-08-24 23:02:44,943	[INFO]	(gateway.py:80)on_message	[botpy] 机器人「浅若红尘bot-测试中」启动成功！
2023-08-24 23:02:44,944	[INFO]	(gateway.py:217)_send_heart	[botpy] 心跳维持启动...
2023-08-24 23:03:17,788	[INFO]	(client.py:159)_bot_login	[botpy] 登录机器人账号中...
2023-08-24 23:03:18,301	[INFO]	(client.py:178)_bot_init	[botpy] 程序启动...
2023-08-24 23:03:18,301	[INFO]	(connection.py:59)multi_run	[botpy] 最大并发连接数: 1, 启动会话数: 1
2023-08-24 23:03:18,302	[INFO]	(client.py:236)bot_connect	[botpy] 会话启动中...
2023-08-24 23:03:18,303	[INFO]	(gateway.py:110)ws_connect	[botpy] 启动中...
2023-08-24 23:03:18,375	[INFO]	(gateway.py:136)ws_identify	[botpy] 鉴权中...
2023-08-24 23:03:18,424	[INFO]	(gateway.py:80)on_message	[botpy] 机器人「浅若红尘bot-测试中」启动成功！
2023-08-24 23:03:18,425	[INFO]	(gateway.py:217)_send_heart	[botpy] 心跳维持启动...
2023-08-24 23:03:43,939	[INFO]	(client.py:159)_bot_login	[botpy] 登录机器人账号中...
2023-08-24 23:03:44,925	[INFO]	(client.py:178)_bot_init	[botpy] 程序启动...
2023-08-24 23:03:44,925	[INFO]	(connection.py:59)multi_run	[botpy] 最大并发连接数: 1, 启动会话数: 1
2023-08-24 23:03:44,926	[INFO]	(client.py:236)bot_connect	[botpy] 会话启动中...
2023-08-24 23:03:44,926	[INFO]	(gateway.py:110)ws_connect	[botpy] 启动中...
2023-08-24 23:03:44,999	[INFO]	(gateway.py:136)ws_identify	[botpy] 鉴权中...
2023-08-24 23:03:45,099	[INFO]	(gateway.py:80)on_message	[botpy] 机器人「浅若红尘bot-测试中」启动成功！
2023-08-24 23:03:45,099	[INFO]	(gateway.py:217)_send_heart	[botpy] 心跳维持启动...
2023-08-24 23:04:31,977	[INFO]	(client.py:159)_bot_login	[botpy] 登录机器人账号中...
2023-08-24 23:04:32,378	[INFO]	(client.py:178)_bot_init	[botpy] 程序启动...
2023-08-24 23:04:32,378	[INFO]	(connection.py:59)multi_run	[botpy] 最大并发连接数: 1, 启动会话数: 1
2023-08-24 23:04:32,378	[INFO]	(client.py:236)bot_connect	[botpy] 会话启动中...
2023-08-24 23:04:32,379	[INFO]	(gateway.py:110)ws_connect	[botpy] 启动中...
2023-08-24 23:04:32,459	[INFO]	(gateway.py:136)ws_identify	[botpy] 鉴权中...
2023-08-24 23:04:32,521	[INFO]	(gateway.py:80)on_message	[botpy] 机器人「浅若红尘bot-测试中」启动成功！
2023-08-24 23:04:32,522	[INFO]	(gateway.py:217)_send_heart	[botpy] 心跳维持启动...
2023-08-24 23:05:03,113	[INFO]	(client.py:159)_bot_login	[botpy] 登录机器人账号中...
2023-08-24 23:05:03,461	[INFO]	(client.py:178)_bot_init	[botpy] 程序启动...
2023-08-24 23:05:03,461	[INFO]	(connection.py:59)multi_run	[botpy] 最大并发连接数: 1, 启动会话数: 1
2023-08-24 23:05:03,462	[INFO]	(client.py:236)bot_connect	[botpy] 会话启动中...
2023-08-24 23:05:03,462	[INFO]	(gateway.py:110)ws_connect	[botpy] 启动中...
2023-08-24 23:05:03,556	[INFO]	(gateway.py:136)ws_identify	[botpy] 鉴权中...
2023-08-24 23:05:03,659	[INFO]	(gateway.py:80)on_message	[botpy] 机器人「浅若红尘bot-测试中」启动成功！
2023-08-24 23:05:03,660	[INFO]	(gateway.py:217)_send_heart	[botpy] 心跳维持启动...
2023-08-24 23:06:41,106	[INFO]	(client.py:159)_bot_login	[botpy] 登录机器人账号中...
2023-08-24 23:06:41,654	[INFO]	(client.py:178)_bot_init	[botpy] 程序启动...
2023-08-24 23:06:41,655	[INFO]	(connection.py:59)multi_run	[botpy] 最大并发连接数: 1, 启动会话数: 1
2023-08-24 23:06:41,656	[INFO]	(client.py:236)bot_connect	[botpy] 会话启动中...
2023-08-24 23:06:41,657	[INFO]	(gateway.py:110)ws_connect	[botpy] 启动中...
2023-08-24 23:06:41,759	[INFO]	(gateway.py:136)ws_identify	[botpy] 鉴权中...
2023-08-24 23:06:41,868	[INFO]	(gateway.py:80)on_message	[botpy] 机器人「浅若红尘bot-测试中」启动成功！
2023-08-24 23:06:41,869	[INFO]	(gateway.py:217)_send_heart	[botpy] 心跳维持启动...
2023-08-24 23:08:23,470	[INFO]	(client.py:159)_bot_login	[botpy] 登录机器人账号中...
2023-08-24 23:08:23,759	[INFO]	(client.py:178)_bot_init	[botpy] 程序启动...
2023-08-24 23:08:23,760	[INFO]	(connection.py:59)multi_run	[botpy] 最大并发连接数: 1, 启动会话数: 1
2023-08-24 23:08:23,760	[INFO]	(client.py:236)bot_connect	[botpy] 会话启动中...
2023-08-24 23:08:23,760	[INFO]	(gateway.py:110)ws_connect	[botpy] 启动中...
2023-08-24 23:08:23,849	[INFO]	(gateway.py:136)ws_identify	[botpy] 鉴权中...
2023-08-24 23:08:23,947	[INFO]	(gateway.py:80)on_message	[botpy] 机器人「浅若红尘bot-测试中」启动成功！
2023-08-24 23:08:23,948	[INFO]	(gateway.py:217)_send_heart	[botpy] 心跳维持启动...
2023-08-24 23:09:04,303	[INFO]	(client.py:159)_bot_login	[botpy] 登录机器人账号中...
2023-08-24 23:09:04,571	[INFO]	(client.py:178)_bot_init	[botpy] 程序启动...
2023-08-24 23:09:04,571	[INFO]	(connection.py:59)multi_run	[botpy] 最大并发连接数: 1, 启动会话数: 1
2023-08-24 23:09:04,572	[INFO]	(client.py:236)bot_connect	[botpy] 会话启动中...
2023-08-24 23:09:04,572	[INFO]	(gateway.py:110)ws_connect	[botpy] 启动中...
2023-08-24 23:09:04,664	[INFO]	(gateway.py:136)ws_identify	[botpy] 鉴权中...
2023-08-24 23:09:04,771	[INFO]	(gateway.py:80)on_message	[botpy] 机器人「浅若红尘bot-测试中」启动成功！
2023-08-24 23:09:04,771	[INFO]	(gateway.py:217)_send_heart	[botpy] 心跳维持启动...
2023-08-24 23:09:38,231	[INFO]	(client.py:159)_bot_login	[botpy] 登录机器人账号中...
2023-08-24 23:09:38,624	[INFO]	(client.py:178)_bot_init	[botpy] 程序启动...
2023-08-24 23:09:38,625	[INFO]	(connection.py:59)multi_run	[botpy] 最大并发连接数: 1, 启动会话数: 1
2023-08-24 23:09:38,625	[INFO]	(client.py:236)bot_connect	[botpy] 会话启动中...
2023-08-24 23:09:38,625	[INFO]	(gateway.py:110)ws_connect	[botpy] 启动中...
2023-08-24 23:09:38,716	[INFO]	(gateway.py:136)ws_identify	[botpy] 鉴权中...
2023-08-24 23:09:38,790	[INFO]	(gateway.py:80)on_message	[botpy] 机器人「浅若红尘bot-测试中」启动成功！
2023-08-24 23:09:38,790	[INFO]	(gateway.py:217)_send_heart	[botpy] 心跳维持启动...
2023-08-24 23:10:42,150	[INFO]	(client.py:159)_bot_login	[botpy] 登录机器人账号中...
2023-08-24 23:10:42,861	[INFO]	(client.py:178)_bot_init	[botpy] 程序启动...
2023-08-24 23:10:42,861	[INFO]	(connection.py:59)multi_run	[botpy] 最大并发连接数: 1, 启动会话数: 1
2023-08-24 23:10:42,861	[INFO]	(client.py:236)bot_connect	[botpy] 会话启动中...
2023-08-24 23:10:42,862	[INFO]	(gateway.py:110)ws_connect	[botpy] 启动中...
2023-08-24 23:10:42,955	[INFO]	(gateway.py:136)ws_identify	[botpy] 鉴权中...
2023-08-24 23:10:43,043	[INFO]	(gateway.py:80)on_message	[botpy] 机器人「浅若红尘bot-测试中」启动成功！
2023-08-24 23:10:43,044	[INFO]	(gateway.py:217)_send_heart	[botpy] 心跳维持启动...
2023-08-24 23:12:23,793	[INFO]	(client.py:159)_bot_login	[botpy] 登录机器人账号中...
2023-08-24 23:12:24,333	[INFO]	(client.py:178)_bot_init	[botpy] 程序启动...
2023-08-24 23:12:24,334	[INFO]	(connection.py:59)multi_run	[botpy] 最大并发连接数: 1, 启动会话数: 1
2023-08-24 23:12:24,335	[INFO]	(client.py:236)bot_connect	[botpy] 会话启动中...
2023-08-24 23:12:24,336	[INFO]	(gateway.py:110)ws_connect	[botpy] 启动中...
2023-08-24 23:12:24,416	[INFO]	(gateway.py:136)ws_identify	[botpy] 鉴权中...
2023-08-24 23:12:24,502	[INFO]	(gateway.py:80)on_message	[botpy] 机器人「浅若红尘bot-测试中」启动成功！
2023-08-24 23:12:24,503	[INFO]	(gateway.py:217)_send_heart	[botpy] 心跳维持启动...
2023-08-24 23:17:05,926	[INFO]	(client.py:159)_bot_login	[botpy] 登录机器人账号中...
2023-08-24 23:17:07,302	[INFO]	(client.py:178)_bot_init	[botpy] 程序启动...
2023-08-24 23:17:07,303	[INFO]	(connection.py:59)multi_run	[botpy] 最大并发连接数: 1, 启动会话数: 1
2023-08-24 23:17:07,304	[INFO]	(client.py:236)bot_connect	[botpy] 会话启动中...
2023-08-24 23:17:07,305	[INFO]	(gateway.py:110)ws_connect	[botpy] 启动中...
2023-08-24 23:17:07,394	[INFO]	(gateway.py:136)ws_identify	[botpy] 鉴权中...
2023-08-24 23:17:07,462	[INFO]	(gateway.py:80)on_message	[botpy] 机器人「浅若红尘bot-测试中」启动成功！
2023-08-24 23:17:07,463	[INFO]	(gateway.py:217)_send_heart	[botpy] 心跳维持启动...
2023-08-24 23:18:16,593	[INFO]	(client.py:159)_bot_login	[botpy] 登录机器人账号中...
2023-08-24 23:18:16,877	[INFO]	(client.py:178)_bot_init	[botpy] 程序启动...
2023-08-24 23:18:16,877	[INFO]	(connection.py:59)multi_run	[botpy] 最大并发连接数: 1, 启动会话数: 1
2023-08-24 23:18:16,879	[INFO]	(client.py:236)bot_connect	[botpy] 会话启动中...
2023-08-24 23:18:16,879	[INFO]	(gateway.py:110)ws_connect	[botpy] 启动中...
2023-08-24 23:18:16,968	[INFO]	(gateway.py:136)ws_identify	[botpy] 鉴权中...
2023-08-24 23:18:17,076	[INFO]	(gateway.py:80)on_message	[botpy] 机器人「浅若红尘bot-测试中」启动成功！
2023-08-24 23:18:17,077	[INFO]	(gateway.py:217)_send_heart	[botpy] 心跳维持启动...
2023-08-24 23:24:58,443	[INFO]	(client.py:159)_bot_login	[botpy] 登录机器人账号中...
2023-08-24 23:24:59,495	[INFO]	(client.py:178)_bot_init	[botpy] 程序启动...
2023-08-24 23:24:59,495	[INFO]	(connection.py:59)multi_run	[botpy] 最大并发连接数: 1, 启动会话数: 1
2023-08-24 23:24:59,496	[INFO]	(client.py:236)bot_connect	[botpy] 会话启动中...
2023-08-24 23:24:59,497	[INFO]	(gateway.py:110)ws_connect	[botpy] 启动中...
2023-08-24 23:24:59,570	[INFO]	(gateway.py:136)ws_identify	[botpy] 鉴权中...
2023-08-24 23:24:59,625	[INFO]	(gateway.py:80)on_message	[botpy] 机器人「浅若红尘bot-测试中」启动成功！
2023-08-24 23:24:59,626	[INFO]	(gateway.py:217)_send_heart	[botpy] 心跳维持启动...
2023-08-24 23:27:52,873	[INFO]	(client.py:159)_bot_login	[botpy] 登录机器人账号中...
2023-08-24 23:27:54,175	[INFO]	(client.py:178)_bot_init	[botpy] 程序启动...
2023-08-24 23:27:54,175	[INFO]	(connection.py:59)multi_run	[botpy] 最大并发连接数: 1, 启动会话数: 1
2023-08-24 23:27:54,175	[INFO]	(client.py:236)bot_connect	[botpy] 会话启动中...
2023-08-24 23:27:54,175	[INFO]	(gateway.py:110)ws_connect	[botpy] 启动中...
2023-08-24 23:27:54,248	[INFO]	(gateway.py:136)ws_identify	[botpy] 鉴权中...
2023-08-24 23:27:54,327	[INFO]	(gateway.py:80)on_message	[botpy] 机器人「浅若红尘bot-测试中」启动成功！
2023-08-24 23:27:54,328	[INFO]	(gateway.py:217)_send_heart	[botpy] 心跳维持启动...
2023-08-24 23:31:58,198	[INFO]	(client.py:159)_bot_login	[botpy] 登录机器人账号中...
2023-08-24 23:31:59,010	[INFO]	(client.py:178)_bot_init	[botpy] 程序启动...
2023-08-24 23:31:59,011	[INFO]	(connection.py:59)multi_run	[botpy] 最大并发连接数: 1, 启动会话数: 1
2023-08-24 23:31:59,011	[INFO]	(client.py:236)bot_connect	[botpy] 会话启动中...
2023-08-24 23:31:59,011	[INFO]	(gateway.py:110)ws_connect	[botpy] 启动中...
2023-08-24 23:31:59,101	[INFO]	(gateway.py:136)ws_identify	[botpy] 鉴权中...
2023-08-24 23:31:59,166	[INFO]	(gateway.py:80)on_message	[botpy] 机器人「浅若红尘bot-测试中」启动成功！
2023-08-24 23:31:59,167	[INFO]	(gateway.py:217)_send_heart	[botpy] 心跳维持启动...
2023-08-24 23:37:25,264	[INFO]	(client.py:159)_bot_login	[botpy] 登录机器人账号中...
2023-08-24 23:37:25,616	[INFO]	(client.py:178)_bot_init	[botpy] 程序启动...
2023-08-24 23:37:25,617	[INFO]	(connection.py:59)multi_run	[botpy] 最大并发连接数: 1, 启动会话数: 1
2023-08-24 23:37:25,617	[INFO]	(client.py:236)bot_connect	[botpy] 会话启动中...
2023-08-24 23:37:25,618	[INFO]	(gateway.py:110)ws_connect	[botpy] 启动中...
2023-08-24 23:37:25,703	[INFO]	(gateway.py:136)ws_identify	[botpy] 鉴权中...
2023-08-24 23:37:25,812	[INFO]	(gateway.py:80)on_message	[botpy] 机器人「浅若红尘bot-测试中」启动成功！
2023-08-24 23:37:25,813	[INFO]	(gateway.py:217)_send_heart	[botpy] 心跳维持启动...
2023-08-24 23:38:20,527	[INFO]	(client.py:159)_bot_login	[botpy] 登录机器人账号中...
2023-08-24 23:38:20,803	[INFO]	(client.py:178)_bot_init	[botpy] 程序启动...
2023-08-24 23:38:20,804	[INFO]	(connection.py:59)multi_run	[botpy] 最大并发连接数: 1, 启动会话数: 1
2023-08-24 23:38:20,805	[INFO]	(client.py:236)bot_connect	[botpy] 会话启动中...
2023-08-24 23:38:20,805	[INFO]	(gateway.py:110)ws_connect	[botpy] 启动中...
2023-08-24 23:38:20,891	[INFO]	(gateway.py:136)ws_identify	[botpy] 鉴权中...
2023-08-24 23:38:20,953	[INFO]	(gateway.py:80)on_message	[botpy] 机器人「浅若红尘bot-测试中」启动成功！
2023-08-24 23:38:20,954	[INFO]	(gateway.py:217)_send_heart	[botpy] 心跳维持启动...
2023-08-24 23:40:07,860	[INFO]	(client.py:159)_bot_login	[botpy] 登录机器人账号中...
2023-08-24 23:40:08,154	[INFO]	(client.py:178)_bot_init	[botpy] 程序启动...
2023-08-24 23:40:08,154	[INFO]	(connection.py:59)multi_run	[botpy] 最大并发连接数: 1, 启动会话数: 1
2023-08-24 23:40:08,154	[INFO]	(client.py:236)bot_connect	[botpy] 会话启动中...
2023-08-24 23:40:08,155	[INFO]	(gateway.py:110)ws_connect	[botpy] 启动中...
2023-08-24 23:40:08,227	[INFO]	(gateway.py:136)ws_identify	[botpy] 鉴权中...
2023-08-24 23:40:08,311	[INFO]	(gateway.py:80)on_message	[botpy] 机器人「浅若红尘bot-测试中」启动成功！
2023-08-24 23:40:08,311	[INFO]	(gateway.py:217)_send_heart	[botpy] 心跳维持启动...
2023-08-24 23:41:29,078	[INFO]	(client.py:159)_bot_login	[botpy] 登录机器人账号中...
2023-08-24 23:41:29,459	[INFO]	(client.py:178)_bot_init	[botpy] 程序启动...
2023-08-24 23:41:29,459	[INFO]	(connection.py:59)multi_run	[botpy] 最大并发连接数: 1, 启动会话数: 1
2023-08-24 23:41:29,459	[INFO]	(client.py:236)bot_connect	[botpy] 会话启动中...
2023-08-24 23:41:29,460	[INFO]	(gateway.py:110)ws_connect	[botpy] 启动中...
2023-08-24 23:41:29,538	[INFO]	(gateway.py:136)ws_identify	[botpy] 鉴权中...
2023-08-24 23:41:29,614	[INFO]	(gateway.py:80)on_message	[botpy] 机器人「浅若红尘bot-测试中」启动成功！
2023-08-24 23:41:29,615	[INFO]	(gateway.py:217)_send_heart	[botpy] 心跳维持启动...
2023-08-24 23:41:47,821	[INFO]	(client.py:159)_bot_login	[botpy] 登录机器人账号中...
2023-08-24 23:41:48,110	[INFO]	(client.py:178)_bot_init	[botpy] 程序启动...
2023-08-24 23:41:48,110	[INFO]	(connection.py:59)multi_run	[botpy] 最大并发连接数: 1, 启动会话数: 1
2023-08-24 23:41:48,110	[INFO]	(client.py:236)bot_connect	[botpy] 会话启动中...
2023-08-24 23:41:48,111	[INFO]	(gateway.py:110)ws_connect	[botpy] 启动中...
2023-08-24 23:41:48,218	[INFO]	(gateway.py:136)ws_identify	[botpy] 鉴权中...
2023-08-24 23:41:48,303	[INFO]	(gateway.py:80)on_message	[botpy] 机器人「浅若红尘bot-测试中」启动成功！
2023-08-24 23:41:48,303	[INFO]	(gateway.py:217)_send_heart	[botpy] 心跳维持启动...
2023-08-24 23:42:24,630	[INFO]	(client.py:159)_bot_login	[botpy] 登录机器人账号中...
2023-08-24 23:42:24,889	[INFO]	(client.py:178)_bot_init	[botpy] 程序启动...
2023-08-24 23:42:24,889	[INFO]	(connection.py:59)multi_run	[botpy] 最大并发连接数: 1, 启动会话数: 1
2023-08-24 23:42:24,889	[INFO]	(client.py:236)bot_connect	[botpy] 会话启动中...
2023-08-24 23:42:24,889	[INFO]	(gateway.py:110)ws_connect	[botpy] 启动中...
2023-08-24 23:42:24,970	[INFO]	(gateway.py:136)ws_identify	[botpy] 鉴权中...
2023-08-24 23:42:25,027	[INFO]	(gateway.py:80)on_message	[botpy] 机器人「浅若红尘bot-测试中」启动成功！
2023-08-24 23:42:25,027	[INFO]	(gateway.py:217)_send_heart	[botpy] 心跳维持启动...
2023-08-24 23:44:48,133	[INFO]	(client.py:159)_bot_login	[botpy] 登录机器人账号中...
2023-08-24 23:44:48,464	[INFO]	(client.py:178)_bot_init	[botpy] 程序启动...
2023-08-24 23:44:48,464	[INFO]	(connection.py:59)multi_run	[botpy] 最大并发连接数: 1, 启动会话数: 1
2023-08-24 23:44:48,465	[INFO]	(client.py:236)bot_connect	[botpy] 会话启动中...
2023-08-24 23:44:48,465	[INFO]	(gateway.py:110)ws_connect	[botpy] 启动中...
2023-08-24 23:44:48,540	[INFO]	(gateway.py:136)ws_identify	[botpy] 鉴权中...
2023-08-24 23:44:48,614	[INFO]	(gateway.py:80)on_message	[botpy] 机器人「浅若红尘bot-测试中」启动成功！
2023-08-24 23:44:48,615	[INFO]	(gateway.py:217)_send_heart	[botpy] 心跳维持启动...
2023-08-24 23:46:39,371	[INFO]	(client.py:159)_bot_login	[botpy] 登录机器人账号中...
2023-08-24 23:46:39,665	[INFO]	(client.py:178)_bot_init	[botpy] 程序启动...
2023-08-24 23:46:39,665	[INFO]	(connection.py:59)multi_run	[botpy] 最大并发连接数: 1, 启动会话数: 1
2023-08-24 23:46:39,665	[INFO]	(client.py:236)bot_connect	[botpy] 会话启动中...
2023-08-24 23:46:39,666	[INFO]	(gateway.py:110)ws_connect	[botpy] 启动中...
2023-08-24 23:46:39,735	[INFO]	(gateway.py:136)ws_identify	[botpy] 鉴权中...
2023-08-24 23:46:39,787	[INFO]	(gateway.py:80)on_message	[botpy] 机器人「浅若红尘bot-测试中」启动成功！
2023-08-24 23:46:39,788	[INFO]	(gateway.py:217)_send_heart	[botpy] 心跳维持启动...
2023-08-24 23:52:45,373	[INFO]	(client.py:159)_bot_login	[botpy] 登录机器人账号中...
2023-08-24 23:52:45,699	[INFO]	(client.py:178)_bot_init	[botpy] 程序启动...
2023-08-24 23:52:45,699	[INFO]	(connection.py:59)multi_run	[botpy] 最大并发连接数: 1, 启动会话数: 1
2023-08-24 23:52:45,700	[INFO]	(client.py:236)bot_connect	[botpy] 会话启动中...
2023-08-24 23:52:45,700	[INFO]	(gateway.py:110)ws_connect	[botpy] 启动中...
2023-08-24 23:52:45,779	[INFO]	(gateway.py:136)ws_identify	[botpy] 鉴权中...
2023-08-24 23:52:45,891	[INFO]	(gateway.py:80)on_message	[botpy] 机器人「浅若红尘bot-测试中」启动成功！
2023-08-24 23:52:45,892	[INFO]	(gateway.py:217)_send_heart	[botpy] 心跳维持启动...
2023-08-24 23:55:05,958	[INFO]	(client.py:159)_bot_login	[botpy] 登录机器人账号中...
2023-08-24 23:55:06,247	[INFO]	(client.py:178)_bot_init	[botpy] 程序启动...
2023-08-24 23:55:06,248	[INFO]	(connection.py:59)multi_run	[botpy] 最大并发连接数: 1, 启动会话数: 1
2023-08-24 23:55:06,249	[INFO]	(client.py:236)bot_connect	[botpy] 会话启动中...
2023-08-24 23:55:06,250	[INFO]	(gateway.py:110)ws_connect	[botpy] 启动中...
2023-08-24 23:55:06,328	[INFO]	(gateway.py:136)ws_identify	[botpy] 鉴权中...
2023-08-24 23:55:06,400	[INFO]	(gateway.py:80)on_message	[botpy] 机器人「浅若红尘bot-测试中」启动成功！
2023-08-24 23:55:06,400	[INFO]	(gateway.py:217)_send_heart	[botpy] 心跳维持启动...
2023-08-24 23:59:08,244	[INFO]	(client.py:159)_bot_login	[botpy] 登录机器人账号中...
2023-08-24 23:59:08,529	[INFO]	(client.py:178)_bot_init	[botpy] 程序启动...
2023-08-24 23:59:08,529	[INFO]	(connection.py:59)multi_run	[botpy] 最大并发连接数: 1, 启动会话数: 1
2023-08-24 23:59:08,529	[INFO]	(client.py:236)bot_connect	[botpy] 会话启动中...
2023-08-24 23:59:08,529	[INFO]	(gateway.py:110)ws_connect	[botpy] 启动中...
2023-08-24 23:59:08,632	[INFO]	(gateway.py:136)ws_identify	[botpy] 鉴权中...
2023-08-24 23:59:08,706	[INFO]	(gateway.py:80)on_message	[botpy] 机器人「浅若红尘bot-测试中」启动成功！
2023-08-24 23:59:08,706	[INFO]	(gateway.py:217)_send_heart	[botpy] 心跳维持启动...
2023-08-24 23:59:21,028	[ERROR]	(http.py:73)_handle_response	[botpy] 接口请求异常，请求连接: https://api.sgroup.qq.com/channels/613324304/messages, 错误代码: 500, 返回内容: {'code': 304047, 'message': 'push message channel num reach limit'}, trace_id:3221d1bc1abdb556c44cfa10e55dc5ab
2023-08-25 00:00:53,198	[INFO]	(client.py:159)_bot_login	[botpy] 登录机器人账号中...
2023-08-25 00:00:53,467	[INFO]	(client.py:178)_bot_init	[botpy] 程序启动...
2023-08-25 00:00:53,467	[INFO]	(connection.py:59)multi_run	[botpy] 最大并发连接数: 1, 启动会话数: 1
2023-08-25 00:00:53,468	[INFO]	(client.py:236)bot_connect	[botpy] 会话启动中...
2023-08-25 00:00:53,468	[INFO]	(gateway.py:110)ws_connect	[botpy] 启动中...
2023-08-25 00:00:53,545	[INFO]	(gateway.py:136)ws_identify	[botpy] 鉴权中...
2023-08-25 00:00:53,687	[INFO]	(gateway.py:80)on_message	[botpy] 机器人「浅若红尘bot-测试中」启动成功！
2023-08-25 00:00:53,687	[INFO]	(gateway.py:217)_send_heart	[botpy] 心跳维持启动...
2023-08-25 07:26:48,364	[INFO]	(client.py:159)_bot_login	[botpy] 登录机器人账号中...
2023-08-25 07:26:48,787	[INFO]	(client.py:178)_bot_init	[botpy] 程序启动...
2023-08-25 07:26:48,788	[INFO]	(connection.py:59)multi_run	[botpy] 最大并发连接数: 1, 启动会话数: 1
2023-08-25 07:26:48,788	[INFO]	(client.py:236)bot_connect	[botpy] 会话启动中...
2023-08-25 07:26:48,788	[INFO]	(gateway.py:110)ws_connect	[botpy] 启动中...
2023-08-25 07:26:48,870	[INFO]	(gateway.py:136)ws_identify	[botpy] 鉴权中...
2023-08-25 07:26:48,942	[INFO]	(gateway.py:80)on_message	[botpy] 机器人「浅若红尘bot-测试中」启动成功！
2023-08-25 07:26:48,942	[INFO]	(gateway.py:217)_send_heart	[botpy] 心跳维持启动...
2023-08-25 07:29:52,050	[INFO]	(client.py:159)_bot_login	[botpy] 登录机器人账号中...
2023-08-25 07:29:52,347	[INFO]	(client.py:178)_bot_init	[botpy] 程序启动...
2023-08-25 07:29:52,347	[INFO]	(connection.py:59)multi_run	[botpy] 最大并发连接数: 1, 启动会话数: 1
2023-08-25 07:29:52,348	[INFO]	(client.py:236)bot_connect	[botpy] 会话启动中...
2023-08-25 07:29:52,348	[INFO]	(gateway.py:110)ws_connect	[botpy] 启动中...
2023-08-25 07:29:52,432	[INFO]	(gateway.py:136)ws_identify	[botpy] 鉴权中...
2023-08-25 07:29:52,534	[INFO]	(gateway.py:80)on_message	[botpy] 机器人「浅若红尘bot-测试中」启动成功！
2023-08-25 07:29:52,535	[INFO]	(gateway.py:217)_send_heart	[botpy] 心跳维持启动...
2023-08-25 07:59:52,439	[INFO]	(gateway.py:54)on_closed	[botpy] 关闭, 返回码: 4009, 返回信息: Session timed out
2023-08-25 07:59:57,449	[INFO]	(connection.py:59)multi_run	[botpy] 最大并发连接数: 1, 启动会话数: 1
2023-08-25 07:59:57,450	[INFO]	(client.py:236)bot_connect	[botpy] 会话启动中...
2023-08-25 07:59:57,451	[INFO]	(gateway.py:110)ws_connect	[botpy] 启动中...
2023-08-25 07:59:58,575	[INFO]	(gateway.py:169)ws_resume	[botpy] 重连启动...
2023-08-25 07:59:58,627	[INFO]	(gateway.py:85)on_message	[botpy] 机器人重连成功! 
2023-08-25 07:59:58,627	[INFO]	(gateway.py:217)_send_heart	[botpy] 心跳维持启动...
2023-08-25 10:10:13,260	[INFO]	(client.py:159)_bot_login	[botpy] 登录机器人账号中...
2023-08-25 10:10:14,297	[INFO]	(client.py:178)_bot_init	[botpy] 程序启动...
2023-08-25 10:10:14,298	[INFO]	(connection.py:59)multi_run	[botpy] 最大并发连接数: 1, 启动会话数: 1
2023-08-25 10:10:14,298	[INFO]	(client.py:236)bot_connect	[botpy] 会话启动中...
2023-08-25 10:10:14,300	[INFO]	(gateway.py:110)ws_connect	[botpy] 启动中...
2023-08-25 10:10:14,384	[INFO]	(gateway.py:136)ws_identify	[botpy] 鉴权中...
2023-08-25 10:10:14,492	[INFO]	(gateway.py:80)on_message	[botpy] 机器人「浅若红尘bot-测试中」启动成功！
2023-08-25 10:10:14,493	[INFO]	(gateway.py:217)_send_heart	[botpy] 心跳维持启动...
2023-08-25 10:10:21,618	[INFO]	(client.py:159)_bot_login	[botpy] 登录机器人账号中...
2023-08-25 10:10:21,878	[INFO]	(client.py:178)_bot_init	[botpy] 程序启动...
2023-08-25 10:10:21,878	[INFO]	(connection.py:59)multi_run	[botpy] 最大并发连接数: 1, 启动会话数: 1
2023-08-25 10:10:21,879	[INFO]	(client.py:236)bot_connect	[botpy] 会话启动中...
2023-08-25 10:10:21,879	[INFO]	(gateway.py:110)ws_connect	[botpy] 启动中...
2023-08-25 10:10:21,960	[INFO]	(gateway.py:136)ws_identify	[botpy] 鉴权中...
2023-08-25 10:10:22,031	[INFO]	(gateway.py:80)on_message	[botpy] 机器人「浅若红尘bot-测试中」启动成功！
2023-08-25 10:10:22,031	[INFO]	(gateway.py:217)_send_heart	[botpy] 心跳维持启动...
2023-08-25 10:11:01,894	[INFO]	(client.py:159)_bot_login	[botpy] 登录机器人账号中...
2023-08-25 10:11:02,191	[INFO]	(client.py:178)_bot_init	[botpy] 程序启动...
2023-08-25 10:11:02,191	[INFO]	(connection.py:59)multi_run	[botpy] 最大并发连接数: 1, 启动会话数: 1
2023-08-25 10:11:02,191	[INFO]	(client.py:236)bot_connect	[botpy] 会话启动中...
2023-08-25 10:11:02,192	[INFO]	(gateway.py:110)ws_connect	[botpy] 启动中...
2023-08-25 10:11:02,297	[INFO]	(gateway.py:136)ws_identify	[botpy] 鉴权中...
2023-08-25 10:11:02,365	[INFO]	(gateway.py:80)on_message	[botpy] 机器人「浅若红尘bot-测试中」启动成功！
2023-08-25 10:11:02,366	[INFO]	(gateway.py:217)_send_heart	[botpy] 心跳维持启动...
2023-08-25 10:11:05,450	[INFO]	(client.py:159)_bot_login	[botpy] 登录机器人账号中...
2023-08-25 10:11:05,738	[INFO]	(client.py:178)_bot_init	[botpy] 程序启动...
2023-08-25 10:11:05,739	[INFO]	(connection.py:59)multi_run	[botpy] 最大并发连接数: 1, 启动会话数: 1
2023-08-25 10:11:05,739	[INFO]	(client.py:236)bot_connect	[botpy] 会话启动中...
2023-08-25 10:11:05,739	[INFO]	(gateway.py:110)ws_connect	[botpy] 启动中...
2023-08-25 10:11:05,811	[INFO]	(gateway.py:136)ws_identify	[botpy] 鉴权中...
2023-08-25 10:11:05,851	[INFO]	(gateway.py:80)on_message	[botpy] 机器人「浅若红尘bot-测试中」启动成功！
2023-08-25 10:11:05,851	[INFO]	(gateway.py:217)_send_heart	[botpy] 心跳维持启动...
2023-08-25 10:12:00,281	[INFO]	(client.py:159)_bot_login	[botpy] 登录机器人账号中...
2023-08-25 10:12:00,562	[INFO]	(client.py:178)_bot_init	[botpy] 程序启动...
2023-08-25 10:12:00,562	[INFO]	(connection.py:59)multi_run	[botpy] 最大并发连接数: 1, 启动会话数: 1
2023-08-25 10:12:00,562	[INFO]	(client.py:236)bot_connect	[botpy] 会话启动中...
2023-08-25 10:12:00,563	[INFO]	(gateway.py:110)ws_connect	[botpy] 启动中...
2023-08-25 10:12:00,638	[INFO]	(gateway.py:136)ws_identify	[botpy] 鉴权中...
2023-08-25 10:12:00,709	[INFO]	(gateway.py:80)on_message	[botpy] 机器人「浅若红尘bot-测试中」启动成功！
2023-08-25 10:12:00,709	[INFO]	(gateway.py:217)_send_heart	[botpy] 心跳维持启动...
2023-08-25 10:12:38,792	[INFO]	(client.py:159)_bot_login	[botpy] 登录机器人账号中...
2023-08-25 10:12:39,071	[INFO]	(client.py:178)_bot_init	[botpy] 程序启动...
2023-08-25 10:12:39,071	[INFO]	(connection.py:59)multi_run	[botpy] 最大并发连接数: 1, 启动会话数: 1
2023-08-25 10:12:39,072	[INFO]	(client.py:236)bot_connect	[botpy] 会话启动中...
2023-08-25 10:12:39,072	[INFO]	(gateway.py:110)ws_connect	[botpy] 启动中...
2023-08-25 10:12:39,146	[INFO]	(gateway.py:136)ws_identify	[botpy] 鉴权中...
2023-08-25 10:12:39,229	[INFO]	(gateway.py:80)on_message	[botpy] 机器人「浅若红尘bot-测试中」启动成功！
2023-08-25 10:12:39,230	[INFO]	(gateway.py:217)_send_heart	[botpy] 心跳维持启动...
2023-08-25 13:23:44,096	[INFO]	(client.py:159)_bot_login	[botpy] 登录机器人账号中...
2023-08-25 13:23:44,452	[INFO]	(client.py:178)_bot_init	[botpy] 程序启动...
2023-08-25 13:23:44,452	[INFO]	(connection.py:59)multi_run	[botpy] 最大并发连接数: 1, 启动会话数: 1
2023-08-25 13:23:44,453	[INFO]	(client.py:236)bot_connect	[botpy] 会话启动中...
2023-08-25 13:23:44,453	[INFO]	(gateway.py:110)ws_connect	[botpy] 启动中...
2023-08-25 13:23:44,530	[INFO]	(gateway.py:136)ws_identify	[botpy] 鉴权中...
2023-08-25 13:23:44,669	[INFO]	(gateway.py:80)on_message	[botpy] 机器人「浅若红尘bot-测试中」启动成功！
2023-08-25 13:23:44,670	[INFO]	(gateway.py:217)_send_heart	[botpy] 心跳维持启动...
2023-08-25 13:29:08,171	[INFO]	(client.py:159)_bot_login	[botpy] 登录机器人账号中...
2023-08-25 13:29:08,881	[INFO]	(client.py:178)_bot_init	[botpy] 程序启动...
2023-08-25 13:29:08,882	[INFO]	(connection.py:59)multi_run	[botpy] 最大并发连接数: 1, 启动会话数: 1
2023-08-25 13:29:08,882	[INFO]	(client.py:236)bot_connect	[botpy] 会话启动中...
2023-08-25 13:29:08,882	[INFO]	(gateway.py:110)ws_connect	[botpy] 启动中...
2023-08-25 13:29:08,994	[INFO]	(gateway.py:136)ws_identify	[botpy] 鉴权中...
2023-08-25 13:29:09,092	[INFO]	(gateway.py:80)on_message	[botpy] 机器人「浅若红尘bot-测试中」启动成功！
2023-08-25 13:29:09,092	[INFO]	(gateway.py:217)_send_heart	[botpy] 心跳维持启动...
2023-08-25 13:31:40,017	[INFO]	(client.py:159)_bot_login	[botpy] 登录机器人账号中...
2023-08-25 13:31:40,416	[INFO]	(client.py:178)_bot_init	[botpy] 程序启动...
2023-08-25 13:31:40,417	[INFO]	(connection.py:59)multi_run	[botpy] 最大并发连接数: 1, 启动会话数: 1
2023-08-25 13:31:40,417	[INFO]	(client.py:236)bot_connect	[botpy] 会话启动中...
2023-08-25 13:31:40,417	[INFO]	(gateway.py:110)ws_connect	[botpy] 启动中...
2023-08-25 13:31:40,498	[INFO]	(gateway.py:136)ws_identify	[botpy] 鉴权中...
2023-08-25 13:31:40,620	[INFO]	(gateway.py:80)on_message	[botpy] 机器人「浅若红尘bot-测试中」启动成功！
2023-08-25 13:31:40,621	[INFO]	(gateway.py:217)_send_heart	[botpy] 心跳维持启动...
2023-08-25 13:31:46,832	[ERROR]	(http.py:73)_handle_response	[botpy] 接口请求异常，请求连接: https://api.sgroup.qq.com/channels/613324306/messages, 错误代码: 400, 返回内容: {'message': '400: Bad Request', 'code': 10001}, trace_id:9ca42d8fff3487586bd6fe4f5fb4698d
2023-08-25 13:37:46,919	[INFO]	(client.py:159)_bot_login	[botpy] 登录机器人账号中...
2023-08-25 13:37:47,221	[INFO]	(client.py:178)_bot_init	[botpy] 程序启动...
2023-08-25 13:37:47,222	[INFO]	(connection.py:59)multi_run	[botpy] 最大并发连接数: 1, 启动会话数: 1
2023-08-25 13:37:47,223	[INFO]	(client.py:236)bot_connect	[botpy] 会话启动中...
2023-08-25 13:37:47,225	[INFO]	(gateway.py:110)ws_connect	[botpy] 启动中...
2023-08-25 13:37:47,293	[INFO]	(gateway.py:136)ws_identify	[botpy] 鉴权中...
2023-08-25 13:37:47,364	[INFO]	(gateway.py:80)on_message	[botpy] 机器人「浅若红尘bot-测试中」启动成功！
2023-08-25 13:37:47,364	[INFO]	(gateway.py:217)_send_heart	[botpy] 心跳维持启动...
2023-08-25 13:37:52,570	[ERROR]	(http.py:73)_handle_response	[botpy] 接口请求异常，请求连接: https://api.sgroup.qq.com/channels/613324306/messages, 错误代码: 400, 返回内容: {'message': '400: Bad Request', 'code': 10001}, trace_id:d40d1cfe4118f33a2528dfcca8b21eda
2023-08-25 13:38:46,568	[INFO]	(client.py:159)_bot_login	[botpy] 登录机器人账号中...
2023-08-25 13:38:46,908	[INFO]	(client.py:178)_bot_init	[botpy] 程序启动...
2023-08-25 13:38:46,908	[INFO]	(connection.py:59)multi_run	[botpy] 最大并发连接数: 1, 启动会话数: 1
2023-08-25 13:38:46,908	[INFO]	(client.py:236)bot_connect	[botpy] 会话启动中...
2023-08-25 13:38:46,909	[INFO]	(gateway.py:110)ws_connect	[botpy] 启动中...
2023-08-25 13:38:46,995	[INFO]	(gateway.py:136)ws_identify	[botpy] 鉴权中...
2023-08-25 13:38:47,056	[INFO]	(gateway.py:80)on_message	[botpy] 机器人「浅若红尘bot-测试中」启动成功！
2023-08-25 13:38:47,056	[INFO]	(gateway.py:217)_send_heart	[botpy] 心跳维持启动...
2023-08-25 13:38:50,315	[ERROR]	(http.py:73)_handle_response	[botpy] 接口请求异常，请求连接: https://api.sgroup.qq.com/channels/613324306/messages, 错误代码: 403, 返回内容: {'code': 304014, 'message': 'no ark privilege'}, trace_id:0970ef99c862c14dff30ae23c149fd94
2023-08-25 13:40:28,135	[INFO]	(client.py:159)_bot_login	[botpy] 登录机器人账号中...
2023-08-25 13:40:28,489	[INFO]	(client.py:178)_bot_init	[botpy] 程序启动...
2023-08-25 13:40:28,489	[INFO]	(connection.py:59)multi_run	[botpy] 最大并发连接数: 1, 启动会话数: 1
2023-08-25 13:40:28,489	[INFO]	(client.py:236)bot_connect	[botpy] 会话启动中...
2023-08-25 13:40:28,490	[INFO]	(gateway.py:110)ws_connect	[botpy] 启动中...
2023-08-25 13:40:28,577	[INFO]	(gateway.py:136)ws_identify	[botpy] 鉴权中...
2023-08-25 13:40:28,659	[INFO]	(gateway.py:80)on_message	[botpy] 机器人「浅若红尘bot-测试中」启动成功！
2023-08-25 13:40:28,660	[INFO]	(gateway.py:217)_send_heart	[botpy] 心跳维持启动...
2023-08-25 13:40:31,919	[ERROR]	(http.py:73)_handle_response	[botpy] 接口请求异常，请求连接: https://api.sgroup.qq.com/channels/613324306/messages, 错误代码: 403, 返回内容: {'code': 304014, 'message': 'no ark privilege'}, trace_id:299ea3516c88c79ab6cbaacf75a578a4
2023-08-25 14:10:28,582	[INFO]	(gateway.py:54)on_closed	[botpy] 关闭, 返回码: 4009, 返回信息: Session timed out
2023-08-25 14:10:33,596	[INFO]	(connection.py:59)multi_run	[botpy] 最大并发连接数: 1, 启动会话数: 1
2023-08-25 14:10:33,596	[INFO]	(client.py:236)bot_connect	[botpy] 会话启动中...
2023-08-25 14:10:33,597	[INFO]	(gateway.py:110)ws_connect	[botpy] 启动中...
2023-08-25 14:10:33,746	[INFO]	(gateway.py:169)ws_resume	[botpy] 重连启动...
2023-08-25 14:10:33,821	[INFO]	(gateway.py:85)on_message	[botpy] 机器人重连成功! 
2023-08-25 14:10:33,822	[INFO]	(gateway.py:217)_send_heart	[botpy] 心跳维持启动...
